<?xml version="1.0" encoding="UTF-8"?>
<robot generator="Robot 6.1.1 (Python 3.12.3 on linux)" generated="20241115 23:12:48.728" rpa="false" schemaversion="4">
<suite id="s1" name="Tests" source="/home/hanterio/palautusrepositorio/viikko3/web-login/src/tests">
<suite id="s1-s1" name="Home" source="/home/hanterio/palautusrepositorio/viikko3/web-login/src/tests/home.robot">
<kw name="Open And Configure Browser" library="resource" type="SETUP">
<if>
<branch type="IF" condition="$BROWSER == 'chrome'">
<kw name="Evaluate" library="BuiltIn">
<var>${options}</var>
<arg>sys.modules['selenium.webdriver'].ChromeOptions()</arg>
<arg>sys</arg>
<doc>Evaluates the given expression in Python and returns the result.</doc>
<msg timestamp="20241115 23:12:49.059" level="INFO">${options} = &lt;selenium.webdriver.chrome.options.Options object at 0x7f150d6c3bf0&gt;</msg>
<status status="PASS" starttime="20241115 23:12:49.058" endtime="20241115 23:12:49.059"/>
</kw>
<status status="PASS" starttime="20241115 23:12:49.058" endtime="20241115 23:12:49.059"/>
</branch>
<branch type="ELSE IF" condition="$BROWSER == 'firefox'">
<kw name="Evaluate" library="BuiltIn">
<var>${options}</var>
<arg>sys.modules['selenium.webdriver'].FirefoxOptions()</arg>
<arg>sys</arg>
<doc>Evaluates the given expression in Python and returns the result.</doc>
<status status="NOT RUN" starttime="20241115 23:12:49.059" endtime="20241115 23:12:49.059"/>
</kw>
<status status="NOT RUN" starttime="20241115 23:12:49.059" endtime="20241115 23:12:49.059"/>
</branch>
<status status="PASS" starttime="20241115 23:12:49.058" endtime="20241115 23:12:49.059"/>
</if>
<if>
<branch type="IF" condition="$HEADLESS == 'true'">
<kw name="Set Selenium Speed" library="SeleniumLibrary">
<arg>0</arg>
<doc>Sets the delay that is waited after each Selenium command.</doc>
<status status="NOT RUN" starttime="20241115 23:12:49.059" endtime="20241115 23:12:49.059"/>
</kw>
<kw name="Call Method" library="BuiltIn">
<arg>${options}</arg>
<arg>add_argument</arg>
<arg>--headless</arg>
<doc>Calls the named method of the given object with the provided arguments.</doc>
<status status="NOT RUN" starttime="20241115 23:12:49.059" endtime="20241115 23:12:49.059"/>
</kw>
<status status="NOT RUN" starttime="20241115 23:12:49.059" endtime="20241115 23:12:49.059"/>
</branch>
<branch type="ELSE">
<kw name="Set Selenium Speed" library="SeleniumLibrary">
<arg>${DELAY}</arg>
<doc>Sets the delay that is waited after each Selenium command.</doc>
<status status="PASS" starttime="20241115 23:12:49.059" endtime="20241115 23:12:49.060"/>
</kw>
<status status="PASS" starttime="20241115 23:12:49.059" endtime="20241115 23:12:49.060"/>
</branch>
<status status="PASS" starttime="20241115 23:12:49.059" endtime="20241115 23:12:49.060"/>
</if>
<kw name="Open Browser" library="SeleniumLibrary">
<arg>browser=${BROWSER}</arg>
<arg>options=${options}</arg>
<doc>Opens a new browser instance to the optional ``url``.</doc>
<msg timestamp="20241115 23:12:49.060" level="INFO">Opening browser 'chrome' to base url 'None'.</msg>
<status status="PASS" starttime="20241115 23:12:49.060" endtime="20241115 23:12:55.498"/>
</kw>
<status status="PASS" starttime="20241115 23:12:49.057" endtime="20241115 23:12:55.499"/>
</kw>
<test id="s1-s1-t1" name="Click Login Link" line="8">
<kw name="Reset Application And Go To Starting Page" type="SETUP">
<kw name="Reset Application" library="AppLibrary">
<status status="PASS" starttime="20241115 23:12:55.500" endtime="20241115 23:12:55.505"/>
</kw>
<kw name="Go To Starting Page" library="AppLibrary">
<status status="PASS" starttime="20241115 23:12:55.505" endtime="20241115 23:12:55.508"/>
</kw>
<status status="PASS" starttime="20241115 23:12:55.499" endtime="20241115 23:12:55.508"/>
</kw>
<kw name="Go To" library="SeleniumLibrary">
<arg>${HOME_URL}</arg>
<doc>Navigates the current browser window to the provided ``url``.</doc>
<msg timestamp="20241115 23:12:55.508" level="INFO">Opening url 'http://localhost:5001'</msg>
<status status="PASS" starttime="20241115 23:12:55.508" endtime="20241115 23:12:56.097"/>
</kw>
<kw name="Click Link" library="SeleniumLibrary">
<arg>Login</arg>
<doc>Clicks a link identified by ``locator``.</doc>
<msg timestamp="20241115 23:12:56.099" level="INFO">Clicking link 'Login'.</msg>
<status status="PASS" starttime="20241115 23:12:56.097" endtime="20241115 23:12:57.826"/>
</kw>
<kw name="Login Page Should Be Open" library="resource">
<kw name="Title Should Be" library="SeleniumLibrary">
<arg>Login</arg>
<doc>Verifies that the current page title equals ``title``.</doc>
<msg timestamp="20241115 23:12:58.340" level="INFO">Page title is 'Login'.</msg>
<status status="PASS" starttime="20241115 23:12:57.827" endtime="20241115 23:12:58.340"/>
</kw>
<status status="PASS" starttime="20241115 23:12:57.827" endtime="20241115 23:12:58.340"/>
</kw>
<status status="PASS" starttime="20241115 23:12:55.499" endtime="20241115 23:12:58.341"/>
</test>
<test id="s1-s1-t2" name="Click Register Link" line="13">
<kw name="Reset Application And Go To Starting Page" type="SETUP">
<kw name="Reset Application" library="AppLibrary">
<status status="PASS" starttime="20241115 23:12:58.342" endtime="20241115 23:12:58.347"/>
</kw>
<kw name="Go To Starting Page" library="AppLibrary">
<status status="PASS" starttime="20241115 23:12:58.347" endtime="20241115 23:12:58.350"/>
</kw>
<status status="PASS" starttime="20241115 23:12:58.342" endtime="20241115 23:12:58.350"/>
</kw>
<kw name="Go To" library="SeleniumLibrary">
<arg>${HOME_URL}</arg>
<doc>Navigates the current browser window to the provided ``url``.</doc>
<msg timestamp="20241115 23:12:58.351" level="INFO">Opening url 'http://localhost:5001'</msg>
<status status="PASS" starttime="20241115 23:12:58.350" endtime="20241115 23:12:58.903"/>
</kw>
<kw name="Click Link" library="SeleniumLibrary">
<arg>Register new user</arg>
<doc>Clicks a link identified by ``locator``.</doc>
<msg timestamp="20241115 23:12:58.904" level="INFO">Clicking link 'Register new user'.</msg>
<status status="PASS" starttime="20241115 23:12:58.903" endtime="20241115 23:13:00.539"/>
</kw>
<kw name="Register Page Should Be Open" library="AppLibrary">
<status status="PASS" starttime="20241115 23:13:00.539" endtime="20241115 23:13:00.581"/>
</kw>
<status status="PASS" starttime="20241115 23:12:58.341" endtime="20241115 23:13:00.581"/>
</test>
<kw name="Close Browser" library="SeleniumLibrary" type="TEARDOWN">
<doc>Closes the current browser.</doc>
<status status="PASS" starttime="20241115 23:13:00.582" endtime="20241115 23:13:01.258"/>
</kw>
<status status="PASS" starttime="20241115 23:12:48.773" endtime="20241115 23:13:01.258"/>
</suite>
<suite id="s1-s2" name="Login" source="/home/hanterio/palautusrepositorio/viikko3/web-login/src/tests/login.robot">
<kw name="Open And Configure Browser" library="resource" type="SETUP">
<if>
<branch type="IF" condition="$BROWSER == 'chrome'">
<kw name="Evaluate" library="BuiltIn">
<var>${options}</var>
<arg>sys.modules['selenium.webdriver'].ChromeOptions()</arg>
<arg>sys</arg>
<doc>Evaluates the given expression in Python and returns the result.</doc>
<msg timestamp="20241115 23:13:01.265" level="INFO">${options} = &lt;selenium.webdriver.chrome.options.Options object at 0x7f150d71caa0&gt;</msg>
<status status="PASS" starttime="20241115 23:13:01.265" endtime="20241115 23:13:01.265"/>
</kw>
<status status="PASS" starttime="20241115 23:13:01.265" endtime="20241115 23:13:01.266"/>
</branch>
<branch type="ELSE IF" condition="$BROWSER == 'firefox'">
<kw name="Evaluate" library="BuiltIn">
<var>${options}</var>
<arg>sys.modules['selenium.webdriver'].FirefoxOptions()</arg>
<arg>sys</arg>
<doc>Evaluates the given expression in Python and returns the result.</doc>
<status status="NOT RUN" starttime="20241115 23:13:01.266" endtime="20241115 23:13:01.266"/>
</kw>
<status status="NOT RUN" starttime="20241115 23:13:01.266" endtime="20241115 23:13:01.266"/>
</branch>
<status status="PASS" starttime="20241115 23:13:01.265" endtime="20241115 23:13:01.266"/>
</if>
<if>
<branch type="IF" condition="$HEADLESS == 'true'">
<kw name="Set Selenium Speed" library="SeleniumLibrary">
<arg>0</arg>
<doc>Sets the delay that is waited after each Selenium command.</doc>
<status status="NOT RUN" starttime="20241115 23:13:01.266" endtime="20241115 23:13:01.266"/>
</kw>
<kw name="Call Method" library="BuiltIn">
<arg>${options}</arg>
<arg>add_argument</arg>
<arg>--headless</arg>
<doc>Calls the named method of the given object with the provided arguments.</doc>
<status status="NOT RUN" starttime="20241115 23:13:01.266" endtime="20241115 23:13:01.266"/>
</kw>
<status status="NOT RUN" starttime="20241115 23:13:01.266" endtime="20241115 23:13:01.266"/>
</branch>
<branch type="ELSE">
<kw name="Set Selenium Speed" library="SeleniumLibrary">
<arg>${DELAY}</arg>
<doc>Sets the delay that is waited after each Selenium command.</doc>
<status status="PASS" starttime="20241115 23:13:01.266" endtime="20241115 23:13:01.266"/>
</kw>
<status status="PASS" starttime="20241115 23:13:01.266" endtime="20241115 23:13:01.266"/>
</branch>
<status status="PASS" starttime="20241115 23:13:01.266" endtime="20241115 23:13:01.266"/>
</if>
<kw name="Open Browser" library="SeleniumLibrary">
<arg>browser=${BROWSER}</arg>
<arg>options=${options}</arg>
<doc>Opens a new browser instance to the optional ``url``.</doc>
<msg timestamp="20241115 23:13:01.267" level="INFO">Opening browser 'chrome' to base url 'None'.</msg>
<status status="PASS" starttime="20241115 23:13:01.266" endtime="20241115 23:13:02.458"/>
</kw>
<status status="PASS" starttime="20241115 23:13:01.265" endtime="20241115 23:13:02.458"/>
</kw>
<test id="s1-s2-t1" name="Login With Correct Credentials" line="8">
<kw name="Reset Application Create User And Go To Login Page" type="SETUP">
<kw name="Reset Application" library="AppLibrary">
<status status="PASS" starttime="20241115 23:13:02.459" endtime="20241115 23:13:02.464"/>
</kw>
<kw name="Create User" library="AppLibrary">
<arg>kalle</arg>
<arg>kalle123</arg>
<status status="PASS" starttime="20241115 23:13:02.464" endtime="20241115 23:13:02.475"/>
</kw>
<kw name="Go To Login Page" library="resource">
<kw name="Go To" library="SeleniumLibrary">
<arg>${LOGIN_URL}</arg>
<doc>Navigates the current browser window to the provided ``url``.</doc>
<msg timestamp="20241115 23:13:02.476" level="INFO">Opening url 'http://localhost:5001/login'</msg>
<status status="PASS" starttime="20241115 23:13:02.476" endtime="20241115 23:13:03.055"/>
</kw>
<status status="PASS" starttime="20241115 23:13:02.475" endtime="20241115 23:13:03.055"/>
</kw>
<status status="PASS" starttime="20241115 23:13:02.459" endtime="20241115 23:13:03.055"/>
</kw>
<kw name="Set Username">
<arg>kalle</arg>
<kw name="Input Text" library="SeleniumLibrary">
<arg>username</arg>
<arg>${username}</arg>
<doc>Types the given ``text`` into the text field identified by ``locator``.</doc>
<msg timestamp="20241115 23:13:03.056" level="INFO">Typing text 'kalle' into text field 'username'.</msg>
<status status="PASS" starttime="20241115 23:13:03.056" endtime="20241115 23:13:04.805"/>
</kw>
<status status="PASS" starttime="20241115 23:13:03.055" endtime="20241115 23:13:04.805"/>
</kw>
<kw name="Set Password">
<arg>kalle123</arg>
<kw name="Input Password" library="SeleniumLibrary">
<arg>password</arg>
<arg>${password}</arg>
<doc>Types the given password into the text field identified by ``locator``.</doc>
<msg timestamp="20241115 23:13:04.806" level="INFO">Typing password into text field 'password'.</msg>
<msg timestamp="20241115 23:13:05.871" level="INFO">Temporally setting log level to: NONE</msg>
<msg timestamp="20241115 23:13:06.465" level="INFO">Log level changed from NONE to INFO.</msg>
<status status="PASS" starttime="20241115 23:13:04.805" endtime="20241115 23:13:06.465"/>
</kw>
<status status="PASS" starttime="20241115 23:13:04.805" endtime="20241115 23:13:06.465"/>
</kw>
<kw name="Submit Credentials">
<kw name="Click Button" library="SeleniumLibrary">
<arg>Login</arg>
<doc>Clicks the button identified by ``locator``.</doc>
<msg timestamp="20241115 23:13:06.466" level="INFO">Clicking button 'Login'.</msg>
<status status="PASS" starttime="20241115 23:13:06.466" endtime="20241115 23:13:08.656"/>
</kw>
<status status="PASS" starttime="20241115 23:13:06.465" endtime="20241115 23:13:08.656"/>
</kw>
<kw name="Login Should Succeed">
<kw name="Main Page Should Be Open" library="resource">
<kw name="Title Should Be" library="SeleniumLibrary">
<arg>Ohtu Application main page</arg>
<doc>Verifies that the current page title equals ``title``.</doc>
<msg timestamp="20241115 23:13:09.171" level="INFO">Page title is 'Ohtu Application main page'.</msg>
<status status="PASS" starttime="20241115 23:13:08.657" endtime="20241115 23:13:09.171"/>
</kw>
<status status="PASS" starttime="20241115 23:13:08.657" endtime="20241115 23:13:09.171"/>
</kw>
<status status="PASS" starttime="20241115 23:13:08.657" endtime="20241115 23:13:09.171"/>
</kw>
<status status="PASS" starttime="20241115 23:13:02.458" endtime="20241115 23:13:09.171"/>
</test>
<test id="s1-s2-t2" name="Login With Incorrect Password" line="14">
<kw name="Reset Application Create User And Go To Login Page" type="SETUP">
<kw name="Reset Application" library="AppLibrary">
<status status="PASS" starttime="20241115 23:13:09.173" endtime="20241115 23:13:09.177"/>
</kw>
<kw name="Create User" library="AppLibrary">
<arg>kalle</arg>
<arg>kalle123</arg>
<status status="PASS" starttime="20241115 23:13:09.177" endtime="20241115 23:13:09.183"/>
</kw>
<kw name="Go To Login Page" library="resource">
<kw name="Go To" library="SeleniumLibrary">
<arg>${LOGIN_URL}</arg>
<doc>Navigates the current browser window to the provided ``url``.</doc>
<msg timestamp="20241115 23:13:09.183" level="INFO">Opening url 'http://localhost:5001/login'</msg>
<status status="PASS" starttime="20241115 23:13:09.183" endtime="20241115 23:13:09.732"/>
</kw>
<status status="PASS" starttime="20241115 23:13:09.183" endtime="20241115 23:13:09.733"/>
</kw>
<status status="PASS" starttime="20241115 23:13:09.173" endtime="20241115 23:13:09.733"/>
</kw>
<kw name="Set Username">
<arg>kalle</arg>
<kw name="Input Text" library="SeleniumLibrary">
<arg>username</arg>
<arg>${username}</arg>
<doc>Types the given ``text`` into the text field identified by ``locator``.</doc>
<msg timestamp="20241115 23:13:09.734" level="INFO">Typing text 'kalle' into text field 'username'.</msg>
<status status="PASS" starttime="20241115 23:13:09.733" endtime="20241115 23:13:11.409"/>
</kw>
<status status="PASS" starttime="20241115 23:13:09.733" endtime="20241115 23:13:11.409"/>
</kw>
<kw name="Set Password">
<arg>kalle456</arg>
<kw name="Input Password" library="SeleniumLibrary">
<arg>password</arg>
<arg>${password}</arg>
<doc>Types the given password into the text field identified by ``locator``.</doc>
<msg timestamp="20241115 23:13:11.411" level="INFO">Typing password into text field 'password'.</msg>
<msg timestamp="20241115 23:13:12.484" level="INFO">Temporally setting log level to: NONE</msg>
<msg timestamp="20241115 23:13:13.080" level="INFO">Log level changed from NONE to INFO.</msg>
<status status="PASS" starttime="20241115 23:13:11.410" endtime="20241115 23:13:13.080"/>
</kw>
<status status="PASS" starttime="20241115 23:13:11.410" endtime="20241115 23:13:13.081"/>
</kw>
<kw name="Submit Credentials">
<kw name="Click Button" library="SeleniumLibrary">
<arg>Login</arg>
<doc>Clicks the button identified by ``locator``.</doc>
<msg timestamp="20241115 23:13:13.082" level="INFO">Clicking button 'Login'.</msg>
<status status="PASS" starttime="20241115 23:13:13.081" endtime="20241115 23:13:15.233"/>
</kw>
<status status="PASS" starttime="20241115 23:13:13.081" endtime="20241115 23:13:15.233"/>
</kw>
<kw name="Login Should Fail With Message">
<arg>Invalid username or password</arg>
<kw name="Login Page Should Be Open" library="resource">
<kw name="Title Should Be" library="SeleniumLibrary">
<arg>Login</arg>
<doc>Verifies that the current page title equals ``title``.</doc>
<msg timestamp="20241115 23:13:15.746" level="INFO">Page title is 'Login'.</msg>
<status status="PASS" starttime="20241115 23:13:15.234" endtime="20241115 23:13:15.746"/>
</kw>
<status status="PASS" starttime="20241115 23:13:15.234" endtime="20241115 23:13:15.746"/>
</kw>
<kw name="Page Should Contain" library="SeleniumLibrary">
<arg>${message}</arg>
<doc>Verifies that current page contains ``text``.</doc>
<msg timestamp="20241115 23:13:16.776" level="INFO">Current page contains text 'Invalid username or password'.</msg>
<status status="PASS" starttime="20241115 23:13:15.746" endtime="20241115 23:13:16.776"/>
</kw>
<status status="PASS" starttime="20241115 23:13:15.233" endtime="20241115 23:13:16.776"/>
</kw>
<status status="PASS" starttime="20241115 23:13:09.172" endtime="20241115 23:13:16.776"/>
</test>
<kw name="Close Browser" library="SeleniumLibrary" type="TEARDOWN">
<doc>Closes the current browser.</doc>
<status status="PASS" starttime="20241115 23:13:16.777" endtime="20241115 23:13:17.386"/>
</kw>
<status status="PASS" starttime="20241115 23:13:01.261" endtime="20241115 23:13:17.386"/>
</suite>
<status status="PASS" starttime="20241115 23:12:48.731" endtime="20241115 23:13:17.388"/>
</suite>
<statistics>
<total>
<stat pass="4" fail="0" skip="0">All Tests</stat>
</total>
<tag>
</tag>
<suite>
<stat pass="4" fail="0" skip="0" id="s1" name="Tests">Tests</stat>
<stat pass="2" fail="0" skip="0" id="s1-s1" name="Home">Tests.Home</stat>
<stat pass="2" fail="0" skip="0" id="s1-s2" name="Login">Tests.Login</stat>
</suite>
</statistics>
<errors>
</errors>
</robot>
