<?xml version="1.0" encoding="UTF-8"?>
<robot generator="Robot 6.1.1 (Python 3.12.3 on linux)" generated="20241116 21:50:44.380" rpa="false" schemaversion="4">
<suite id="s1" name="Tests" source="/home/hanterio/palautusrepositorio/viikko3/web-login/src/tests">
<suite id="s1-s1" name="Home" source="/home/hanterio/palautusrepositorio/viikko3/web-login/src/tests/home.robot">
<kw name="Open And Configure Browser" library="resource" type="SETUP">
<if>
<branch type="IF" condition="$BROWSER == 'chrome'">
<kw name="Evaluate" library="BuiltIn">
<var>${options}</var>
<arg>sys.modules['selenium.webdriver'].ChromeOptions()</arg>
<arg>sys</arg>
<doc>Evaluates the given expression in Python and returns the result.</doc>
<msg timestamp="20241116 21:50:44.615" level="INFO">${options} = &lt;selenium.webdriver.chrome.options.Options object at 0x7feb1308c590&gt;</msg>
<status status="PASS" starttime="20241116 21:50:44.614" endtime="20241116 21:50:44.615"/>
</kw>
<status status="PASS" starttime="20241116 21:50:44.614" endtime="20241116 21:50:44.615"/>
</branch>
<branch type="ELSE IF" condition="$BROWSER == 'firefox'">
<kw name="Evaluate" library="BuiltIn">
<var>${options}</var>
<arg>sys.modules['selenium.webdriver'].FirefoxOptions()</arg>
<arg>sys</arg>
<doc>Evaluates the given expression in Python and returns the result.</doc>
<status status="NOT RUN" starttime="20241116 21:50:44.615" endtime="20241116 21:50:44.615"/>
</kw>
<status status="NOT RUN" starttime="20241116 21:50:44.615" endtime="20241116 21:50:44.615"/>
</branch>
<status status="PASS" starttime="20241116 21:50:44.614" endtime="20241116 21:50:44.615"/>
</if>
<if>
<branch type="IF" condition="$HEADLESS == 'true'">
<kw name="Set Selenium Speed" library="SeleniumLibrary">
<arg>0</arg>
<doc>Sets the delay that is waited after each Selenium command.</doc>
<status status="NOT RUN" starttime="20241116 21:50:44.615" endtime="20241116 21:50:44.615"/>
</kw>
<kw name="Call Method" library="BuiltIn">
<arg>${options}</arg>
<arg>add_argument</arg>
<arg>--headless</arg>
<doc>Calls the named method of the given object with the provided arguments.</doc>
<status status="NOT RUN" starttime="20241116 21:50:44.615" endtime="20241116 21:50:44.615"/>
</kw>
<status status="NOT RUN" starttime="20241116 21:50:44.615" endtime="20241116 21:50:44.615"/>
</branch>
<branch type="ELSE">
<kw name="Set Selenium Speed" library="SeleniumLibrary">
<arg>${DELAY}</arg>
<doc>Sets the delay that is waited after each Selenium command.</doc>
<status status="PASS" starttime="20241116 21:50:44.615" endtime="20241116 21:50:44.615"/>
</kw>
<status status="PASS" starttime="20241116 21:50:44.615" endtime="20241116 21:50:44.615"/>
</branch>
<status status="PASS" starttime="20241116 21:50:44.615" endtime="20241116 21:50:44.615"/>
</if>
<kw name="Open Browser" library="SeleniumLibrary">
<arg>browser=${BROWSER}</arg>
<arg>options=${options}</arg>
<doc>Opens a new browser instance to the optional ``url``.</doc>
<msg timestamp="20241116 21:50:44.616" level="INFO">Opening browser 'chrome' to base url 'None'.</msg>
<status status="PASS" starttime="20241116 21:50:44.616" endtime="20241116 21:50:45.829"/>
</kw>
<status status="PASS" starttime="20241116 21:50:44.614" endtime="20241116 21:50:45.829"/>
</kw>
<test id="s1-s1-t1" name="Click Login Link" line="8">
<kw name="Reset Application And Go To Starting Page" type="SETUP">
<kw name="Reset Application" library="AppLibrary">
<status status="PASS" starttime="20241116 21:50:45.830" endtime="20241116 21:50:45.835"/>
</kw>
<kw name="Go To Starting Page" library="resource">
<kw name="Go To" library="SeleniumLibrary">
<arg>${HOME_URL}</arg>
<doc>Navigates the current browser window to the provided ``url``.</doc>
<msg timestamp="20241116 21:50:45.836" level="INFO">Opening url 'http://localhost:5001'</msg>
<status status="PASS" starttime="20241116 21:50:45.835" endtime="20241116 21:50:46.421"/>
</kw>
<status status="PASS" starttime="20241116 21:50:45.835" endtime="20241116 21:50:46.422"/>
</kw>
<status status="PASS" starttime="20241116 21:50:45.830" endtime="20241116 21:50:46.422"/>
</kw>
<kw name="Click Link" library="SeleniumLibrary">
<arg>Login</arg>
<doc>Clicks a link identified by ``locator``.</doc>
<msg timestamp="20241116 21:50:46.423" level="INFO">Clicking link 'Login'.</msg>
<status status="PASS" starttime="20241116 21:50:46.422" endtime="20241116 21:50:48.076"/>
</kw>
<kw name="Login Page Should Be Open" library="resource">
<kw name="Title Should Be" library="SeleniumLibrary">
<arg>Login</arg>
<doc>Verifies that the current page title equals ``title``.</doc>
<msg timestamp="20241116 21:50:48.589" level="INFO">Page title is 'Login'.</msg>
<status status="PASS" starttime="20241116 21:50:48.077" endtime="20241116 21:50:48.589"/>
</kw>
<status status="PASS" starttime="20241116 21:50:48.077" endtime="20241116 21:50:48.590"/>
</kw>
<status status="PASS" starttime="20241116 21:50:45.829" endtime="20241116 21:50:48.590"/>
</test>
<test id="s1-s1-t2" name="Click Register Link" line="12">
<kw name="Reset Application And Go To Starting Page" type="SETUP">
<kw name="Reset Application" library="AppLibrary">
<status status="PASS" starttime="20241116 21:50:48.591" endtime="20241116 21:50:48.594"/>
</kw>
<kw name="Go To Starting Page" library="resource">
<kw name="Go To" library="SeleniumLibrary">
<arg>${HOME_URL}</arg>
<doc>Navigates the current browser window to the provided ``url``.</doc>
<msg timestamp="20241116 21:50:48.595" level="INFO">Opening url 'http://localhost:5001'</msg>
<status status="PASS" starttime="20241116 21:50:48.595" endtime="20241116 21:50:49.124"/>
</kw>
<status status="PASS" starttime="20241116 21:50:48.594" endtime="20241116 21:50:49.124"/>
</kw>
<status status="PASS" starttime="20241116 21:50:48.590" endtime="20241116 21:50:49.124"/>
</kw>
<kw name="Click Link" library="SeleniumLibrary">
<arg>Register new user</arg>
<doc>Clicks a link identified by ``locator``.</doc>
<msg timestamp="20241116 21:50:49.125" level="INFO">Clicking link 'Register new user'.</msg>
<status status="PASS" starttime="20241116 21:50:49.124" endtime="20241116 21:50:50.768"/>
</kw>
<kw name="Register Page Should Be Open" library="resource">
<kw name="Title Should Be" library="SeleniumLibrary">
<arg>Register</arg>
<doc>Verifies that the current page title equals ``title``.</doc>
<msg timestamp="20241116 21:50:51.280" level="INFO">Page title is 'Register'.</msg>
<status status="PASS" starttime="20241116 21:50:50.769" endtime="20241116 21:50:51.280"/>
</kw>
<status status="PASS" starttime="20241116 21:50:50.768" endtime="20241116 21:50:51.280"/>
</kw>
<status status="PASS" starttime="20241116 21:50:48.590" endtime="20241116 21:50:51.281"/>
</test>
<kw name="Close Browser" library="SeleniumLibrary" type="TEARDOWN">
<doc>Closes the current browser.</doc>
<status status="PASS" starttime="20241116 21:50:51.282" endtime="20241116 21:50:51.923"/>
</kw>
<status status="PASS" starttime="20241116 21:50:44.399" endtime="20241116 21:50:51.923"/>
</suite>
<suite id="s1-s2" name="Login" source="/home/hanterio/palautusrepositorio/viikko3/web-login/src/tests/login.robot">
<kw name="Open And Configure Browser" library="resource" type="SETUP">
<if>
<branch type="IF" condition="$BROWSER == 'chrome'">
<kw name="Evaluate" library="BuiltIn">
<var>${options}</var>
<arg>sys.modules['selenium.webdriver'].ChromeOptions()</arg>
<arg>sys</arg>
<doc>Evaluates the given expression in Python and returns the result.</doc>
<msg timestamp="20241116 21:50:51.928" level="INFO">${options} = &lt;selenium.webdriver.chrome.options.Options object at 0x7feb130c1760&gt;</msg>
<status status="PASS" starttime="20241116 21:50:51.927" endtime="20241116 21:50:51.928"/>
</kw>
<status status="PASS" starttime="20241116 21:50:51.927" endtime="20241116 21:50:51.928"/>
</branch>
<branch type="ELSE IF" condition="$BROWSER == 'firefox'">
<kw name="Evaluate" library="BuiltIn">
<var>${options}</var>
<arg>sys.modules['selenium.webdriver'].FirefoxOptions()</arg>
<arg>sys</arg>
<doc>Evaluates the given expression in Python and returns the result.</doc>
<status status="NOT RUN" starttime="20241116 21:50:51.928" endtime="20241116 21:50:51.928"/>
</kw>
<status status="NOT RUN" starttime="20241116 21:50:51.928" endtime="20241116 21:50:51.928"/>
</branch>
<status status="PASS" starttime="20241116 21:50:51.927" endtime="20241116 21:50:51.928"/>
</if>
<if>
<branch type="IF" condition="$HEADLESS == 'true'">
<kw name="Set Selenium Speed" library="SeleniumLibrary">
<arg>0</arg>
<doc>Sets the delay that is waited after each Selenium command.</doc>
<status status="NOT RUN" starttime="20241116 21:50:51.928" endtime="20241116 21:50:51.928"/>
</kw>
<kw name="Call Method" library="BuiltIn">
<arg>${options}</arg>
<arg>add_argument</arg>
<arg>--headless</arg>
<doc>Calls the named method of the given object with the provided arguments.</doc>
<status status="NOT RUN" starttime="20241116 21:50:51.928" endtime="20241116 21:50:51.928"/>
</kw>
<status status="NOT RUN" starttime="20241116 21:50:51.928" endtime="20241116 21:50:51.928"/>
</branch>
<branch type="ELSE">
<kw name="Set Selenium Speed" library="SeleniumLibrary">
<arg>${DELAY}</arg>
<doc>Sets the delay that is waited after each Selenium command.</doc>
<status status="PASS" starttime="20241116 21:50:51.928" endtime="20241116 21:50:51.929"/>
</kw>
<status status="PASS" starttime="20241116 21:50:51.928" endtime="20241116 21:50:51.929"/>
</branch>
<status status="PASS" starttime="20241116 21:50:51.928" endtime="20241116 21:50:51.929"/>
</if>
<kw name="Open Browser" library="SeleniumLibrary">
<arg>browser=${BROWSER}</arg>
<arg>options=${options}</arg>
<doc>Opens a new browser instance to the optional ``url``.</doc>
<msg timestamp="20241116 21:50:51.929" level="INFO">Opening browser 'chrome' to base url 'None'.</msg>
<status status="PASS" starttime="20241116 21:50:51.929" endtime="20241116 21:50:53.224"/>
</kw>
<status status="PASS" starttime="20241116 21:50:51.927" endtime="20241116 21:50:53.224"/>
</kw>
<test id="s1-s2-t1" name="Login With Correct Credentials" line="8">
<kw name="Reset Application Create User And Go To Login Page" type="SETUP">
<kw name="Reset Application" library="AppLibrary">
<status status="PASS" starttime="20241116 21:50:53.225" endtime="20241116 21:50:53.229"/>
</kw>
<kw name="Create User" library="AppLibrary">
<arg>kalle</arg>
<arg>kalle123</arg>
<status status="PASS" starttime="20241116 21:50:53.229" endtime="20241116 21:50:53.234"/>
</kw>
<kw name="Go To Login Page" library="resource">
<kw name="Go To" library="SeleniumLibrary">
<arg>${LOGIN_URL}</arg>
<doc>Navigates the current browser window to the provided ``url``.</doc>
<msg timestamp="20241116 21:50:53.234" level="INFO">Opening url 'http://localhost:5001/login'</msg>
<status status="PASS" starttime="20241116 21:50:53.234" endtime="20241116 21:50:53.801"/>
</kw>
<status status="PASS" starttime="20241116 21:50:53.234" endtime="20241116 21:50:53.801"/>
</kw>
<status status="PASS" starttime="20241116 21:50:53.225" endtime="20241116 21:50:53.801"/>
</kw>
<kw name="Set Username">
<arg>kalle</arg>
<kw name="Input Text" library="SeleniumLibrary">
<arg>username</arg>
<arg>${username}</arg>
<doc>Types the given ``text`` into the text field identified by ``locator``.</doc>
<msg timestamp="20241116 21:50:53.803" level="INFO">Typing text 'kalle' into text field 'username'.</msg>
<status status="PASS" starttime="20241116 21:50:53.802" endtime="20241116 21:50:55.508"/>
</kw>
<status status="PASS" starttime="20241116 21:50:53.802" endtime="20241116 21:50:55.508"/>
</kw>
<kw name="Set Password">
<arg>kalle123</arg>
<kw name="Input Password" library="SeleniumLibrary">
<arg>password</arg>
<arg>${password}</arg>
<doc>Types the given password into the text field identified by ``locator``.</doc>
<msg timestamp="20241116 21:50:55.509" level="INFO">Typing password into text field 'password'.</msg>
<msg timestamp="20241116 21:50:56.582" level="INFO">Temporally setting log level to: NONE</msg>
<msg timestamp="20241116 21:50:57.181" level="INFO">Log level changed from NONE to INFO.</msg>
<status status="PASS" starttime="20241116 21:50:55.508" endtime="20241116 21:50:57.181"/>
</kw>
<status status="PASS" starttime="20241116 21:50:55.508" endtime="20241116 21:50:57.181"/>
</kw>
<kw name="Submit Credentials">
<kw name="Click Button" library="SeleniumLibrary">
<arg>Login</arg>
<doc>Clicks the button identified by ``locator``.</doc>
<msg timestamp="20241116 21:50:57.182" level="INFO">Clicking button 'Login'.</msg>
<status status="PASS" starttime="20241116 21:50:57.182" endtime="20241116 21:50:59.370"/>
</kw>
<status status="PASS" starttime="20241116 21:50:57.181" endtime="20241116 21:50:59.370"/>
</kw>
<kw name="Login Should Succeed">
<kw name="Main Page Should Be Open" library="resource">
<kw name="Title Should Be" library="SeleniumLibrary">
<arg>Ohtu Application main page</arg>
<doc>Verifies that the current page title equals ``title``.</doc>
<msg timestamp="20241116 21:50:59.885" level="INFO">Page title is 'Ohtu Application main page'.</msg>
<status status="PASS" starttime="20241116 21:50:59.371" endtime="20241116 21:50:59.885"/>
</kw>
<status status="PASS" starttime="20241116 21:50:59.371" endtime="20241116 21:50:59.885"/>
</kw>
<status status="PASS" starttime="20241116 21:50:59.371" endtime="20241116 21:50:59.886"/>
</kw>
<status status="PASS" starttime="20241116 21:50:53.224" endtime="20241116 21:50:59.886"/>
</test>
<test id="s1-s2-t2" name="Login With Incorrect Password" line="14">
<kw name="Reset Application Create User And Go To Login Page" type="SETUP">
<kw name="Reset Application" library="AppLibrary">
<status status="PASS" starttime="20241116 21:50:59.887" endtime="20241116 21:50:59.891"/>
</kw>
<kw name="Create User" library="AppLibrary">
<arg>kalle</arg>
<arg>kalle123</arg>
<status status="PASS" starttime="20241116 21:50:59.891" endtime="20241116 21:50:59.898"/>
</kw>
<kw name="Go To Login Page" library="resource">
<kw name="Go To" library="SeleniumLibrary">
<arg>${LOGIN_URL}</arg>
<doc>Navigates the current browser window to the provided ``url``.</doc>
<msg timestamp="20241116 21:50:59.898" level="INFO">Opening url 'http://localhost:5001/login'</msg>
<status status="PASS" starttime="20241116 21:50:59.898" endtime="20241116 21:51:00.447"/>
</kw>
<status status="PASS" starttime="20241116 21:50:59.898" endtime="20241116 21:51:00.447"/>
</kw>
<status status="PASS" starttime="20241116 21:50:59.887" endtime="20241116 21:51:00.447"/>
</kw>
<kw name="Set Username">
<arg>kalle</arg>
<kw name="Input Text" library="SeleniumLibrary">
<arg>username</arg>
<arg>${username}</arg>
<doc>Types the given ``text`` into the text field identified by ``locator``.</doc>
<msg timestamp="20241116 21:51:00.449" level="INFO">Typing text 'kalle' into text field 'username'.</msg>
<status status="PASS" starttime="20241116 21:51:00.448" endtime="20241116 21:51:02.126"/>
</kw>
<status status="PASS" starttime="20241116 21:51:00.448" endtime="20241116 21:51:02.127"/>
</kw>
<kw name="Set Password">
<arg>kalle456</arg>
<kw name="Input Password" library="SeleniumLibrary">
<arg>password</arg>
<arg>${password}</arg>
<doc>Types the given password into the text field identified by ``locator``.</doc>
<msg timestamp="20241116 21:51:02.128" level="INFO">Typing password into text field 'password'.</msg>
<msg timestamp="20241116 21:51:03.215" level="INFO">Temporally setting log level to: NONE</msg>
<msg timestamp="20241116 21:51:03.812" level="INFO">Log level changed from NONE to INFO.</msg>
<status status="PASS" starttime="20241116 21:51:02.127" endtime="20241116 21:51:03.812"/>
</kw>
<status status="PASS" starttime="20241116 21:51:02.127" endtime="20241116 21:51:03.812"/>
</kw>
<kw name="Submit Credentials">
<kw name="Click Button" library="SeleniumLibrary">
<arg>Login</arg>
<doc>Clicks the button identified by ``locator``.</doc>
<msg timestamp="20241116 21:51:03.814" level="INFO">Clicking button 'Login'.</msg>
<status status="PASS" starttime="20241116 21:51:03.813" endtime="20241116 21:51:05.964"/>
</kw>
<status status="PASS" starttime="20241116 21:51:03.813" endtime="20241116 21:51:05.965"/>
</kw>
<kw name="Login Should Fail With Message">
<arg>Invalid username or password</arg>
<kw name="Login Page Should Be Open" library="resource">
<kw name="Title Should Be" library="SeleniumLibrary">
<arg>Login</arg>
<doc>Verifies that the current page title equals ``title``.</doc>
<msg timestamp="20241116 21:51:06.478" level="INFO">Page title is 'Login'.</msg>
<status status="PASS" starttime="20241116 21:51:05.966" endtime="20241116 21:51:06.478"/>
</kw>
<status status="PASS" starttime="20241116 21:51:05.965" endtime="20241116 21:51:06.478"/>
</kw>
<kw name="Page Should Contain" library="SeleniumLibrary">
<arg>${message}</arg>
<doc>Verifies that current page contains ``text``.</doc>
<msg timestamp="20241116 21:51:07.513" level="INFO">Current page contains text 'Invalid username or password'.</msg>
<status status="PASS" starttime="20241116 21:51:06.478" endtime="20241116 21:51:07.514"/>
</kw>
<status status="PASS" starttime="20241116 21:51:05.965" endtime="20241116 21:51:07.514"/>
</kw>
<status status="PASS" starttime="20241116 21:50:59.886" endtime="20241116 21:51:07.514"/>
</test>
<test id="s1-s2-t3" name="Login With Nonexistent Username" line="20">
<kw name="Reset Application Create User And Go To Login Page" type="SETUP">
<kw name="Reset Application" library="AppLibrary">
<status status="PASS" starttime="20241116 21:51:07.516" endtime="20241116 21:51:07.521"/>
</kw>
<kw name="Create User" library="AppLibrary">
<arg>kalle</arg>
<arg>kalle123</arg>
<status status="PASS" starttime="20241116 21:51:07.521" endtime="20241116 21:51:07.527"/>
</kw>
<kw name="Go To Login Page" library="resource">
<kw name="Go To" library="SeleniumLibrary">
<arg>${LOGIN_URL}</arg>
<doc>Navigates the current browser window to the provided ``url``.</doc>
<msg timestamp="20241116 21:51:07.527" level="INFO">Opening url 'http://localhost:5001/login'</msg>
<status status="PASS" starttime="20241116 21:51:07.527" endtime="20241116 21:51:11.017"/>
</kw>
<status status="PASS" starttime="20241116 21:51:07.527" endtime="20241116 21:51:11.017"/>
</kw>
<status status="PASS" starttime="20241116 21:51:07.515" endtime="20241116 21:51:11.018"/>
</kw>
<kw name="Set Username">
<arg>ville</arg>
<kw name="Input Text" library="SeleniumLibrary">
<arg>username</arg>
<arg>${username}</arg>
<doc>Types the given ``text`` into the text field identified by ``locator``.</doc>
<msg timestamp="20241116 21:51:11.019" level="INFO">Typing text 'ville' into text field 'username'.</msg>
<status status="PASS" starttime="20241116 21:51:11.019" endtime="20241116 21:51:12.682"/>
</kw>
<status status="PASS" starttime="20241116 21:51:11.018" endtime="20241116 21:51:12.682"/>
</kw>
<kw name="Set Password">
<arg>ville123</arg>
<kw name="Input Password" library="SeleniumLibrary">
<arg>password</arg>
<arg>${password}</arg>
<doc>Types the given password into the text field identified by ``locator``.</doc>
<msg timestamp="20241116 21:51:12.684" level="INFO">Typing password into text field 'password'.</msg>
<msg timestamp="20241116 21:51:13.758" level="INFO">Temporally setting log level to: NONE</msg>
<msg timestamp="20241116 21:51:14.356" level="INFO">Log level changed from NONE to INFO.</msg>
<status status="PASS" starttime="20241116 21:51:12.683" endtime="20241116 21:51:14.356"/>
</kw>
<status status="PASS" starttime="20241116 21:51:12.683" endtime="20241116 21:51:14.356"/>
</kw>
<kw name="Submit Credentials">
<kw name="Click Button" library="SeleniumLibrary">
<arg>Login</arg>
<doc>Clicks the button identified by ``locator``.</doc>
<msg timestamp="20241116 21:51:14.357" level="INFO">Clicking button 'Login'.</msg>
<status status="PASS" starttime="20241116 21:51:14.357" endtime="20241116 21:51:16.514"/>
</kw>
<status status="PASS" starttime="20241116 21:51:14.356" endtime="20241116 21:51:16.514"/>
</kw>
<kw name="Login Should Fail With Message">
<arg>Invalid username or password</arg>
<kw name="Login Page Should Be Open" library="resource">
<kw name="Title Should Be" library="SeleniumLibrary">
<arg>Login</arg>
<doc>Verifies that the current page title equals ``title``.</doc>
<msg timestamp="20241116 21:51:17.027" level="INFO">Page title is 'Login'.</msg>
<status status="PASS" starttime="20241116 21:51:16.515" endtime="20241116 21:51:17.028"/>
</kw>
<status status="PASS" starttime="20241116 21:51:16.515" endtime="20241116 21:51:17.028"/>
</kw>
<kw name="Page Should Contain" library="SeleniumLibrary">
<arg>${message}</arg>
<doc>Verifies that current page contains ``text``.</doc>
<msg timestamp="20241116 21:51:18.054" level="INFO">Current page contains text 'Invalid username or password'.</msg>
<status status="PASS" starttime="20241116 21:51:17.028" endtime="20241116 21:51:18.055"/>
</kw>
<status status="PASS" starttime="20241116 21:51:16.514" endtime="20241116 21:51:18.055"/>
</kw>
<status status="PASS" starttime="20241116 21:51:07.515" endtime="20241116 21:51:18.055"/>
</test>
<kw name="Close Browser" library="SeleniumLibrary" type="TEARDOWN">
<doc>Closes the current browser.</doc>
<status status="PASS" starttime="20241116 21:51:18.056" endtime="20241116 21:51:18.622"/>
</kw>
<status status="PASS" starttime="20241116 21:50:51.924" endtime="20241116 21:51:18.622"/>
</suite>
<suite id="s1-s3" name="Register" source="/home/hanterio/palautusrepositorio/viikko3/web-login/src/tests/register.robot">
<kw name="Open And Configure Browser" library="resource" type="SETUP">
<if>
<branch type="IF" condition="$BROWSER == 'chrome'">
<kw name="Evaluate" library="BuiltIn">
<var>${options}</var>
<arg>sys.modules['selenium.webdriver'].ChromeOptions()</arg>
<arg>sys</arg>
<doc>Evaluates the given expression in Python and returns the result.</doc>
<msg timestamp="20241116 21:51:18.628" level="INFO">${options} = &lt;selenium.webdriver.chrome.options.Options object at 0x7feb130c3980&gt;</msg>
<status status="PASS" starttime="20241116 21:51:18.628" endtime="20241116 21:51:18.628"/>
</kw>
<status status="PASS" starttime="20241116 21:51:18.628" endtime="20241116 21:51:18.628"/>
</branch>
<branch type="ELSE IF" condition="$BROWSER == 'firefox'">
<kw name="Evaluate" library="BuiltIn">
<var>${options}</var>
<arg>sys.modules['selenium.webdriver'].FirefoxOptions()</arg>
<arg>sys</arg>
<doc>Evaluates the given expression in Python and returns the result.</doc>
<status status="NOT RUN" starttime="20241116 21:51:18.628" endtime="20241116 21:51:18.628"/>
</kw>
<status status="NOT RUN" starttime="20241116 21:51:18.628" endtime="20241116 21:51:18.629"/>
</branch>
<status status="PASS" starttime="20241116 21:51:18.627" endtime="20241116 21:51:18.629"/>
</if>
<if>
<branch type="IF" condition="$HEADLESS == 'true'">
<kw name="Set Selenium Speed" library="SeleniumLibrary">
<arg>0</arg>
<doc>Sets the delay that is waited after each Selenium command.</doc>
<status status="NOT RUN" starttime="20241116 21:51:18.629" endtime="20241116 21:51:18.629"/>
</kw>
<kw name="Call Method" library="BuiltIn">
<arg>${options}</arg>
<arg>add_argument</arg>
<arg>--headless</arg>
<doc>Calls the named method of the given object with the provided arguments.</doc>
<status status="NOT RUN" starttime="20241116 21:51:18.629" endtime="20241116 21:51:18.629"/>
</kw>
<status status="NOT RUN" starttime="20241116 21:51:18.629" endtime="20241116 21:51:18.629"/>
</branch>
<branch type="ELSE">
<kw name="Set Selenium Speed" library="SeleniumLibrary">
<arg>${DELAY}</arg>
<doc>Sets the delay that is waited after each Selenium command.</doc>
<status status="PASS" starttime="20241116 21:51:18.629" endtime="20241116 21:51:18.630"/>
</kw>
<status status="PASS" starttime="20241116 21:51:18.629" endtime="20241116 21:51:18.630"/>
</branch>
<status status="PASS" starttime="20241116 21:51:18.629" endtime="20241116 21:51:18.630"/>
</if>
<kw name="Open Browser" library="SeleniumLibrary">
<arg>browser=${BROWSER}</arg>
<arg>options=${options}</arg>
<doc>Opens a new browser instance to the optional ``url``.</doc>
<msg timestamp="20241116 21:51:18.630" level="INFO">Opening browser 'chrome' to base url 'None'.</msg>
<status status="PASS" starttime="20241116 21:51:18.630" endtime="20241116 21:51:20.056"/>
</kw>
<status status="PASS" starttime="20241116 21:51:18.627" endtime="20241116 21:51:20.056"/>
</kw>
<test id="s1-s3-t1" name="Register With Valid Username And Password" line="9">
<kw name="Reset Application Create User And Go To Register Page" type="SETUP">
<kw name="Reset Application" library="AppLibrary">
<status status="PASS" starttime="20241116 21:51:20.057" endtime="20241116 21:51:20.060"/>
</kw>
<kw name="Create User" library="AppLibrary">
<arg>kalle</arg>
<arg>kalle123</arg>
<status status="PASS" starttime="20241116 21:51:20.061" endtime="20241116 21:51:20.067"/>
</kw>
<kw name="Go To Register Page" library="resource">
<kw name="Go To" library="SeleniumLibrary">
<arg>${REGISTER_URL}</arg>
<doc>Navigates the current browser window to the provided ``url``.</doc>
<msg timestamp="20241116 21:51:20.067" level="INFO">Opening url 'http://localhost:5001/register'</msg>
<status status="PASS" starttime="20241116 21:51:20.067" endtime="20241116 21:51:20.620"/>
</kw>
<status status="PASS" starttime="20241116 21:51:20.067" endtime="20241116 21:51:20.620"/>
</kw>
<status status="PASS" starttime="20241116 21:51:20.057" endtime="20241116 21:51:20.621"/>
</kw>
<kw name="New Username">
<arg>ville</arg>
<kw name="Input Text" library="SeleniumLibrary">
<arg>username</arg>
<arg>${username}</arg>
<doc>Types the given ``text`` into the text field identified by ``locator``.</doc>
<msg timestamp="20241116 21:51:20.622" level="INFO">Typing text 'ville' into text field 'username'.</msg>
<status status="PASS" starttime="20241116 21:51:20.621" endtime="20241116 21:51:22.316"/>
</kw>
<status status="PASS" starttime="20241116 21:51:20.621" endtime="20241116 21:51:22.317"/>
</kw>
<kw name="New Password">
<arg>ville123</arg>
<kw name="Input Password" library="SeleniumLibrary">
<arg>password</arg>
<arg>${password}</arg>
<doc>Types the given password into the text field identified by ``locator``.</doc>
<msg timestamp="20241116 21:51:22.318" level="INFO">Typing password into text field 'password'.</msg>
<msg timestamp="20241116 21:51:23.393" level="INFO">Temporally setting log level to: NONE</msg>
<msg timestamp="20241116 21:51:23.985" level="INFO">Log level changed from NONE to INFO.</msg>
<status status="PASS" starttime="20241116 21:51:22.317" endtime="20241116 21:51:23.985"/>
</kw>
<status status="PASS" starttime="20241116 21:51:22.317" endtime="20241116 21:51:23.985"/>
</kw>
<kw name="New Password Confirmation">
<arg>ville123</arg>
<kw name="Input Password" library="SeleniumLibrary">
<arg>password_confirmation</arg>
<arg>${password_confirmation}</arg>
<doc>Types the given password into the text field identified by ``locator``.</doc>
<msg timestamp="20241116 21:51:23.987" level="INFO">Typing password into text field 'password_confirmation'.</msg>
<msg timestamp="20241116 21:51:25.067" level="INFO">Temporally setting log level to: NONE</msg>
<msg timestamp="20241116 21:51:25.664" level="INFO">Log level changed from NONE to INFO.</msg>
<status status="PASS" starttime="20241116 21:51:23.986" endtime="20241116 21:51:25.664"/>
</kw>
<status status="PASS" starttime="20241116 21:51:23.986" endtime="20241116 21:51:25.664"/>
</kw>
<kw name="Register Credentials">
<kw name="Click Button" library="SeleniumLibrary">
<arg>Register</arg>
<doc>Clicks the button identified by ``locator``.</doc>
<msg timestamp="20241116 21:51:25.666" level="INFO">Clicking button 'Register'.</msg>
<status status="PASS" starttime="20241116 21:51:25.665" endtime="20241116 21:51:27.847"/>
</kw>
<status status="PASS" starttime="20241116 21:51:25.665" endtime="20241116 21:51:27.847"/>
</kw>
<kw name="Register Should Succeed">
<kw name="Welcome Page Should Be Open" library="resource">
<kw name="Title Should Be" library="SeleniumLibrary">
<arg>Welcome to Ohtu Application!</arg>
<doc>Verifies that the current page title equals ``title``.</doc>
<msg timestamp="20241116 21:51:28.361" level="INFO">Page title is 'Welcome to Ohtu Application!'.</msg>
<status status="PASS" starttime="20241116 21:51:27.848" endtime="20241116 21:51:28.361"/>
</kw>
<status status="PASS" starttime="20241116 21:51:27.848" endtime="20241116 21:51:28.361"/>
</kw>
<status status="PASS" starttime="20241116 21:51:27.848" endtime="20241116 21:51:28.362"/>
</kw>
<status status="PASS" starttime="20241116 21:51:20.056" endtime="20241116 21:51:28.362"/>
</test>
<test id="s1-s3-t2" name="Register With Too Short Username And Valid Password" line="16">
<kw name="Reset Application Create User And Go To Register Page" type="SETUP">
<kw name="Reset Application" library="AppLibrary">
<status status="PASS" starttime="20241116 21:51:28.363" endtime="20241116 21:51:28.368"/>
</kw>
<kw name="Create User" library="AppLibrary">
<arg>kalle</arg>
<arg>kalle123</arg>
<status status="PASS" starttime="20241116 21:51:28.368" endtime="20241116 21:51:28.373"/>
</kw>
<kw name="Go To Register Page" library="resource">
<kw name="Go To" library="SeleniumLibrary">
<arg>${REGISTER_URL}</arg>
<doc>Navigates the current browser window to the provided ``url``.</doc>
<msg timestamp="20241116 21:51:28.373" level="INFO">Opening url 'http://localhost:5001/register'</msg>
<status status="PASS" starttime="20241116 21:51:28.373" endtime="20241116 21:51:28.927"/>
</kw>
<status status="PASS" starttime="20241116 21:51:28.373" endtime="20241116 21:51:28.927"/>
</kw>
<status status="PASS" starttime="20241116 21:51:28.363" endtime="20241116 21:51:28.927"/>
</kw>
<kw name="New Username">
<arg>vi</arg>
<kw name="Input Text" library="SeleniumLibrary">
<arg>username</arg>
<arg>${username}</arg>
<doc>Types the given ``text`` into the text field identified by ``locator``.</doc>
<msg timestamp="20241116 21:51:28.928" level="INFO">Typing text 'vi' into text field 'username'.</msg>
<status status="PASS" starttime="20241116 21:51:28.928" endtime="20241116 21:51:30.574"/>
</kw>
<status status="PASS" starttime="20241116 21:51:28.927" endtime="20241116 21:51:30.574"/>
</kw>
<kw name="New Password">
<arg>ville123</arg>
<kw name="Input Password" library="SeleniumLibrary">
<arg>password</arg>
<arg>${password}</arg>
<doc>Types the given password into the text field identified by ``locator``.</doc>
<msg timestamp="20241116 21:51:30.575" level="INFO">Typing password into text field 'password'.</msg>
<msg timestamp="20241116 21:51:31.648" level="INFO">Temporally setting log level to: NONE</msg>
<msg timestamp="20241116 21:51:32.250" level="INFO">Log level changed from NONE to INFO.</msg>
<status status="PASS" starttime="20241116 21:51:30.575" endtime="20241116 21:51:32.250"/>
</kw>
<status status="PASS" starttime="20241116 21:51:30.574" endtime="20241116 21:51:32.250"/>
</kw>
<kw name="New Password Confirmation">
<arg>ville123</arg>
<kw name="Input Password" library="SeleniumLibrary">
<arg>password_confirmation</arg>
<arg>${password_confirmation}</arg>
<doc>Types the given password into the text field identified by ``locator``.</doc>
<msg timestamp="20241116 21:51:32.251" level="INFO">Typing password into text field 'password_confirmation'.</msg>
<msg timestamp="20241116 21:51:33.323" level="INFO">Temporally setting log level to: NONE</msg>
<msg timestamp="20241116 21:51:33.923" level="INFO">Log level changed from NONE to INFO.</msg>
<status status="PASS" starttime="20241116 21:51:32.251" endtime="20241116 21:51:33.923"/>
</kw>
<status status="PASS" starttime="20241116 21:51:32.250" endtime="20241116 21:51:33.923"/>
</kw>
<kw name="Register Credentials">
<kw name="Click Button" library="SeleniumLibrary">
<arg>Register</arg>
<doc>Clicks the button identified by ``locator``.</doc>
<msg timestamp="20241116 21:51:33.925" level="INFO">Clicking button 'Register'.</msg>
<status status="PASS" starttime="20241116 21:51:33.924" endtime="20241116 21:51:36.077"/>
</kw>
<status status="PASS" starttime="20241116 21:51:33.924" endtime="20241116 21:51:36.077"/>
</kw>
<kw name="Register Should Fail With Message">
<arg>Username too short</arg>
<kw name="Register Page Should Be Open" library="resource">
<kw name="Title Should Be" library="SeleniumLibrary">
<arg>Register</arg>
<doc>Verifies that the current page title equals ``title``.</doc>
<msg timestamp="20241116 21:51:36.590" level="INFO">Page title is 'Register'.</msg>
<status status="PASS" starttime="20241116 21:51:36.078" endtime="20241116 21:51:36.590"/>
</kw>
<status status="PASS" starttime="20241116 21:51:36.078" endtime="20241116 21:51:36.590"/>
</kw>
<status status="PASS" starttime="20241116 21:51:36.077" endtime="20241116 21:51:36.590"/>
</kw>
<status status="PASS" starttime="20241116 21:51:28.363" endtime="20241116 21:51:36.591"/>
</test>
<test id="s1-s3-t3" name="Register With Valid Username And Too Short Password" line="23">
<kw name="Reset Application Create User And Go To Register Page" type="SETUP">
<kw name="Reset Application" library="AppLibrary">
<status status="PASS" starttime="20241116 21:51:36.592" endtime="20241116 21:51:36.599"/>
</kw>
<kw name="Create User" library="AppLibrary">
<arg>kalle</arg>
<arg>kalle123</arg>
<status status="PASS" starttime="20241116 21:51:36.599" endtime="20241116 21:51:36.606"/>
</kw>
<kw name="Go To Register Page" library="resource">
<kw name="Go To" library="SeleniumLibrary">
<arg>${REGISTER_URL}</arg>
<doc>Navigates the current browser window to the provided ``url``.</doc>
<msg timestamp="20241116 21:51:36.606" level="INFO">Opening url 'http://localhost:5001/register'</msg>
<status status="PASS" starttime="20241116 21:51:36.606" endtime="20241116 21:51:37.150"/>
</kw>
<status status="PASS" starttime="20241116 21:51:36.606" endtime="20241116 21:51:37.150"/>
</kw>
<status status="PASS" starttime="20241116 21:51:36.592" endtime="20241116 21:51:37.150"/>
</kw>
<kw name="New Username">
<arg>ville</arg>
<kw name="Input Text" library="SeleniumLibrary">
<arg>username</arg>
<arg>${username}</arg>
<doc>Types the given ``text`` into the text field identified by ``locator``.</doc>
<msg timestamp="20241116 21:51:37.152" level="INFO">Typing text 'ville' into text field 'username'.</msg>
<status status="PASS" starttime="20241116 21:51:37.151" endtime="20241116 21:51:38.816"/>
</kw>
<status status="PASS" starttime="20241116 21:51:37.151" endtime="20241116 21:51:38.816"/>
</kw>
<kw name="New Password">
<arg>ville1</arg>
<kw name="Input Password" library="SeleniumLibrary">
<arg>password</arg>
<arg>${password}</arg>
<doc>Types the given password into the text field identified by ``locator``.</doc>
<msg timestamp="20241116 21:51:38.817" level="INFO">Typing password into text field 'password'.</msg>
<msg timestamp="20241116 21:51:39.890" level="INFO">Temporally setting log level to: NONE</msg>
<msg timestamp="20241116 21:51:40.475" level="INFO">Log level changed from NONE to INFO.</msg>
<status status="PASS" starttime="20241116 21:51:38.817" endtime="20241116 21:51:40.475"/>
</kw>
<status status="PASS" starttime="20241116 21:51:38.816" endtime="20241116 21:51:40.475"/>
</kw>
<kw name="New Password Confirmation">
<arg>ville1</arg>
<kw name="Input Password" library="SeleniumLibrary">
<arg>password_confirmation</arg>
<arg>${password_confirmation}</arg>
<doc>Types the given password into the text field identified by ``locator``.</doc>
<msg timestamp="20241116 21:51:40.476" level="INFO">Typing password into text field 'password_confirmation'.</msg>
<msg timestamp="20241116 21:51:41.550" level="INFO">Temporally setting log level to: NONE</msg>
<msg timestamp="20241116 21:51:42.147" level="INFO">Log level changed from NONE to INFO.</msg>
<status status="PASS" starttime="20241116 21:51:40.476" endtime="20241116 21:51:42.147"/>
</kw>
<status status="PASS" starttime="20241116 21:51:40.475" endtime="20241116 21:51:42.147"/>
</kw>
<kw name="Register Credentials">
<kw name="Click Button" library="SeleniumLibrary">
<arg>Register</arg>
<doc>Clicks the button identified by ``locator``.</doc>
<msg timestamp="20241116 21:51:42.148" level="INFO">Clicking button 'Register'.</msg>
<status status="PASS" starttime="20241116 21:51:42.148" endtime="20241116 21:51:47.207"/>
</kw>
<status status="PASS" starttime="20241116 21:51:42.147" endtime="20241116 21:51:47.207"/>
</kw>
<kw name="Register Should Fail With Message">
<arg>Password too short</arg>
<kw name="Register Page Should Be Open" library="resource">
<kw name="Title Should Be" library="SeleniumLibrary">
<arg>Register</arg>
<doc>Verifies that the current page title equals ``title``.</doc>
<msg timestamp="20241116 21:51:47.720" level="INFO">Page title is 'Register'.</msg>
<status status="PASS" starttime="20241116 21:51:47.208" endtime="20241116 21:51:47.720"/>
</kw>
<status status="PASS" starttime="20241116 21:51:47.208" endtime="20241116 21:51:47.720"/>
</kw>
<status status="PASS" starttime="20241116 21:51:47.207" endtime="20241116 21:51:47.720"/>
</kw>
<status status="PASS" starttime="20241116 21:51:36.591" endtime="20241116 21:51:47.720"/>
</test>
<test id="s1-s3-t4" name="Register With Valid Username And Invalid Password" line="30">
<kw name="Reset Application Create User And Go To Register Page" type="SETUP">
<kw name="Reset Application" library="AppLibrary">
<status status="PASS" starttime="20241116 21:51:47.722" endtime="20241116 21:51:47.726"/>
</kw>
<kw name="Create User" library="AppLibrary">
<arg>kalle</arg>
<arg>kalle123</arg>
<status status="PASS" starttime="20241116 21:51:47.726" endtime="20241116 21:51:47.731"/>
</kw>
<kw name="Go To Register Page" library="resource">
<kw name="Go To" library="SeleniumLibrary">
<arg>${REGISTER_URL}</arg>
<doc>Navigates the current browser window to the provided ``url``.</doc>
<msg timestamp="20241116 21:51:47.732" level="INFO">Opening url 'http://localhost:5001/register'</msg>
<status status="PASS" starttime="20241116 21:51:47.732" endtime="20241116 21:51:48.279"/>
</kw>
<status status="PASS" starttime="20241116 21:51:47.731" endtime="20241116 21:51:48.279"/>
</kw>
<status status="PASS" starttime="20241116 21:51:47.722" endtime="20241116 21:51:48.279"/>
</kw>
<kw name="New Username">
<arg>ville</arg>
<kw name="Input Text" library="SeleniumLibrary">
<arg>username</arg>
<arg>${username}</arg>
<doc>Types the given ``text`` into the text field identified by ``locator``.</doc>
<msg timestamp="20241116 21:51:48.281" level="INFO">Typing text 'ville' into text field 'username'.</msg>
<status status="PASS" starttime="20241116 21:51:48.280" endtime="20241116 21:51:49.942"/>
</kw>
<status status="PASS" starttime="20241116 21:51:48.280" endtime="20241116 21:51:49.942"/>
</kw>
<kw name="New Password">
<arg>villeyykaakoo</arg>
<kw name="Input Password" library="SeleniumLibrary">
<arg>password</arg>
<arg>${password}</arg>
<doc>Types the given password into the text field identified by ``locator``.</doc>
<msg timestamp="20241116 21:51:49.944" level="INFO">Typing password into text field 'password'.</msg>
<msg timestamp="20241116 21:51:51.018" level="INFO">Temporally setting log level to: NONE</msg>
<msg timestamp="20241116 21:51:51.626" level="INFO">Log level changed from NONE to INFO.</msg>
<status status="PASS" starttime="20241116 21:51:49.943" endtime="20241116 21:51:51.626"/>
</kw>
<status status="PASS" starttime="20241116 21:51:49.943" endtime="20241116 21:51:51.626"/>
</kw>
<kw name="New Password Confirmation">
<arg>villeyykaakoo</arg>
<kw name="Input Password" library="SeleniumLibrary">
<arg>password_confirmation</arg>
<arg>${password_confirmation}</arg>
<doc>Types the given password into the text field identified by ``locator``.</doc>
<msg timestamp="20241116 21:51:51.628" level="INFO">Typing password into text field 'password_confirmation'.</msg>
<msg timestamp="20241116 21:51:52.702" level="INFO">Temporally setting log level to: NONE</msg>
<msg timestamp="20241116 21:51:53.308" level="INFO">Log level changed from NONE to INFO.</msg>
<status status="PASS" starttime="20241116 21:51:51.627" endtime="20241116 21:51:53.308"/>
</kw>
<status status="PASS" starttime="20241116 21:51:51.627" endtime="20241116 21:51:53.308"/>
</kw>
<kw name="Register Credentials">
<kw name="Click Button" library="SeleniumLibrary">
<arg>Register</arg>
<doc>Clicks the button identified by ``locator``.</doc>
<msg timestamp="20241116 21:51:53.309" level="INFO">Clicking button 'Register'.</msg>
<status status="PASS" starttime="20241116 21:51:53.309" endtime="20241116 21:51:55.487"/>
</kw>
<status status="PASS" starttime="20241116 21:51:53.309" endtime="20241116 21:51:55.487"/>
</kw>
<kw name="Register Should Fail With Message">
<arg>Invalid password - contains only letters</arg>
<kw name="Register Page Should Be Open" library="resource">
<kw name="Title Should Be" library="SeleniumLibrary">
<arg>Register</arg>
<doc>Verifies that the current page title equals ``title``.</doc>
<msg timestamp="20241116 21:51:56.000" level="INFO">Page title is 'Register'.</msg>
<status status="PASS" starttime="20241116 21:51:55.488" endtime="20241116 21:51:56.001"/>
</kw>
<status status="PASS" starttime="20241116 21:51:55.488" endtime="20241116 21:51:56.001"/>
</kw>
<status status="PASS" starttime="20241116 21:51:55.488" endtime="20241116 21:51:56.001"/>
</kw>
<status status="PASS" starttime="20241116 21:51:47.721" endtime="20241116 21:51:56.001"/>
</test>
<test id="s1-s3-t5" name="Register With Nonmatching Password And Password Confirmation" line="37">
<kw name="Reset Application Create User And Go To Register Page" type="SETUP">
<kw name="Reset Application" library="AppLibrary">
<status status="PASS" starttime="20241116 21:51:56.002" endtime="20241116 21:51:56.006"/>
</kw>
<kw name="Create User" library="AppLibrary">
<arg>kalle</arg>
<arg>kalle123</arg>
<status status="PASS" starttime="20241116 21:51:56.006" endtime="20241116 21:51:56.012"/>
</kw>
<kw name="Go To Register Page" library="resource">
<kw name="Go To" library="SeleniumLibrary">
<arg>${REGISTER_URL}</arg>
<doc>Navigates the current browser window to the provided ``url``.</doc>
<msg timestamp="20241116 21:51:56.013" level="INFO">Opening url 'http://localhost:5001/register'</msg>
<status status="PASS" starttime="20241116 21:51:56.013" endtime="20241116 21:51:56.559"/>
</kw>
<status status="PASS" starttime="20241116 21:51:56.013" endtime="20241116 21:51:56.559"/>
</kw>
<status status="PASS" starttime="20241116 21:51:56.002" endtime="20241116 21:51:56.559"/>
</kw>
<kw name="New Username">
<arg>ville</arg>
<kw name="Input Text" library="SeleniumLibrary">
<arg>username</arg>
<arg>${username}</arg>
<doc>Types the given ``text`` into the text field identified by ``locator``.</doc>
<msg timestamp="20241116 21:51:56.560" level="INFO">Typing text 'ville' into text field 'username'.</msg>
<status status="PASS" starttime="20241116 21:51:56.560" endtime="20241116 21:51:58.216"/>
</kw>
<status status="PASS" starttime="20241116 21:51:56.559" endtime="20241116 21:51:58.216"/>
</kw>
<kw name="New Password">
<arg>ville123</arg>
<kw name="Input Password" library="SeleniumLibrary">
<arg>password</arg>
<arg>${password}</arg>
<doc>Types the given password into the text field identified by ``locator``.</doc>
<msg timestamp="20241116 21:51:58.218" level="INFO">Typing password into text field 'password'.</msg>
<msg timestamp="20241116 21:51:59.287" level="INFO">Temporally setting log level to: NONE</msg>
<msg timestamp="20241116 21:51:59.871" level="INFO">Log level changed from NONE to INFO.</msg>
<status status="PASS" starttime="20241116 21:51:58.217" endtime="20241116 21:51:59.871"/>
</kw>
<status status="PASS" starttime="20241116 21:51:58.217" endtime="20241116 21:51:59.871"/>
</kw>
<kw name="New Password Confirmation">
<arg>ville234</arg>
<kw name="Input Password" library="SeleniumLibrary">
<arg>password_confirmation</arg>
<arg>${password_confirmation}</arg>
<doc>Types the given password into the text field identified by ``locator``.</doc>
<msg timestamp="20241116 21:51:59.873" level="INFO">Typing password into text field 'password_confirmation'.</msg>
<msg timestamp="20241116 21:52:00.946" level="INFO">Temporally setting log level to: NONE</msg>
<msg timestamp="20241116 21:52:01.553" level="INFO">Log level changed from NONE to INFO.</msg>
<status status="PASS" starttime="20241116 21:51:59.872" endtime="20241116 21:52:01.553"/>
</kw>
<status status="PASS" starttime="20241116 21:51:59.871" endtime="20241116 21:52:01.553"/>
</kw>
<kw name="Register Credentials">
<kw name="Click Button" library="SeleniumLibrary">
<arg>Register</arg>
<doc>Clicks the button identified by ``locator``.</doc>
<msg timestamp="20241116 21:52:01.554" level="INFO">Clicking button 'Register'.</msg>
<status status="PASS" starttime="20241116 21:52:01.554" endtime="20241116 21:52:03.715"/>
</kw>
<status status="PASS" starttime="20241116 21:52:01.553" endtime="20241116 21:52:03.715"/>
</kw>
<kw name="Register Should Fail With Message">
<arg>Passwords do not match</arg>
<kw name="Register Page Should Be Open" library="resource">
<kw name="Title Should Be" library="SeleniumLibrary">
<arg>Register</arg>
<doc>Verifies that the current page title equals ``title``.</doc>
<msg timestamp="20241116 21:52:04.230" level="INFO">Page title is 'Register'.</msg>
<status status="PASS" starttime="20241116 21:52:03.716" endtime="20241116 21:52:04.230"/>
</kw>
<status status="PASS" starttime="20241116 21:52:03.716" endtime="20241116 21:52:04.230"/>
</kw>
<status status="PASS" starttime="20241116 21:52:03.715" endtime="20241116 21:52:04.230"/>
</kw>
<status status="PASS" starttime="20241116 21:51:56.001" endtime="20241116 21:52:04.230"/>
</test>
<test id="s1-s3-t6" name="Register With Username That Is Already In Use" line="44">
<kw name="Reset Application Create User And Go To Register Page" type="SETUP">
<kw name="Reset Application" library="AppLibrary">
<status status="PASS" starttime="20241116 21:52:04.232" endtime="20241116 21:52:04.236"/>
</kw>
<kw name="Create User" library="AppLibrary">
<arg>kalle</arg>
<arg>kalle123</arg>
<status status="PASS" starttime="20241116 21:52:04.236" endtime="20241116 21:52:04.242"/>
</kw>
<kw name="Go To Register Page" library="resource">
<kw name="Go To" library="SeleniumLibrary">
<arg>${REGISTER_URL}</arg>
<doc>Navigates the current browser window to the provided ``url``.</doc>
<msg timestamp="20241116 21:52:04.243" level="INFO">Opening url 'http://localhost:5001/register'</msg>
<status status="PASS" starttime="20241116 21:52:04.243" endtime="20241116 21:52:04.781"/>
</kw>
<status status="PASS" starttime="20241116 21:52:04.242" endtime="20241116 21:52:04.782"/>
</kw>
<status status="PASS" starttime="20241116 21:52:04.231" endtime="20241116 21:52:04.782"/>
</kw>
<kw name="New Username">
<arg>kalle</arg>
<kw name="Input Text" library="SeleniumLibrary">
<arg>username</arg>
<arg>${username}</arg>
<doc>Types the given ``text`` into the text field identified by ``locator``.</doc>
<msg timestamp="20241116 21:52:04.783" level="INFO">Typing text 'kalle' into text field 'username'.</msg>
<status status="PASS" starttime="20241116 21:52:04.782" endtime="20241116 21:52:06.448"/>
</kw>
<status status="PASS" starttime="20241116 21:52:04.782" endtime="20241116 21:52:06.448"/>
</kw>
<kw name="New Password">
<arg>kalle345</arg>
<kw name="Input Password" library="SeleniumLibrary">
<arg>password</arg>
<arg>${password}</arg>
<doc>Types the given password into the text field identified by ``locator``.</doc>
<msg timestamp="20241116 21:52:06.449" level="INFO">Typing password into text field 'password'.</msg>
<msg timestamp="20241116 21:52:07.522" level="INFO">Temporally setting log level to: NONE</msg>
<msg timestamp="20241116 21:52:08.121" level="INFO">Log level changed from NONE to INFO.</msg>
<status status="PASS" starttime="20241116 21:52:06.449" endtime="20241116 21:52:08.122"/>
</kw>
<status status="PASS" starttime="20241116 21:52:06.448" endtime="20241116 21:52:08.122"/>
</kw>
<kw name="New Password Confirmation">
<arg>kalle345</arg>
<kw name="Input Password" library="SeleniumLibrary">
<arg>password_confirmation</arg>
<arg>${password_confirmation}</arg>
<doc>Types the given password into the text field identified by ``locator``.</doc>
<msg timestamp="20241116 21:52:08.123" level="INFO">Typing password into text field 'password_confirmation'.</msg>
<msg timestamp="20241116 21:52:09.196" level="INFO">Temporally setting log level to: NONE</msg>
<msg timestamp="20241116 21:52:09.800" level="INFO">Log level changed from NONE to INFO.</msg>
<status status="PASS" starttime="20241116 21:52:08.122" endtime="20241116 21:52:09.800"/>
</kw>
<status status="PASS" starttime="20241116 21:52:08.122" endtime="20241116 21:52:09.800"/>
</kw>
<kw name="Register Credentials">
<kw name="Click Button" library="SeleniumLibrary">
<arg>Register</arg>
<doc>Clicks the button identified by ``locator``.</doc>
<msg timestamp="20241116 21:52:09.801" level="INFO">Clicking button 'Register'.</msg>
<status status="PASS" starttime="20241116 21:52:09.801" endtime="20241116 21:52:11.952"/>
</kw>
<status status="PASS" starttime="20241116 21:52:09.801" endtime="20241116 21:52:11.952"/>
</kw>
<kw name="Register Should Fail With Message">
<arg>Passwords do not match</arg>
<kw name="Register Page Should Be Open" library="resource">
<kw name="Title Should Be" library="SeleniumLibrary">
<arg>Register</arg>
<doc>Verifies that the current page title equals ``title``.</doc>
<msg timestamp="20241116 21:52:12.464" level="INFO">Page title is 'Register'.</msg>
<status status="PASS" starttime="20241116 21:52:11.954" endtime="20241116 21:52:12.464"/>
</kw>
<status status="PASS" starttime="20241116 21:52:11.953" endtime="20241116 21:52:12.464"/>
</kw>
<status status="PASS" starttime="20241116 21:52:11.953" endtime="20241116 21:52:12.464"/>
</kw>
<status status="PASS" starttime="20241116 21:52:04.231" endtime="20241116 21:52:12.465"/>
</test>
<kw name="Close Browser" library="SeleniumLibrary" type="TEARDOWN">
<doc>Closes the current browser.</doc>
<status status="PASS" starttime="20241116 21:52:12.466" endtime="20241116 21:52:13.079"/>
</kw>
<status status="PASS" starttime="20241116 21:51:18.624" endtime="20241116 21:52:13.079"/>
</suite>
<status status="PASS" starttime="20241116 21:50:44.381" endtime="20241116 21:52:13.081"/>
</suite>
<statistics>
<total>
<stat pass="11" fail="0" skip="0">All Tests</stat>
</total>
<tag>
</tag>
<suite>
<stat pass="11" fail="0" skip="0" id="s1" name="Tests">Tests</stat>
<stat pass="2" fail="0" skip="0" id="s1-s1" name="Home">Tests.Home</stat>
<stat pass="3" fail="0" skip="0" id="s1-s2" name="Login">Tests.Login</stat>
<stat pass="6" fail="0" skip="0" id="s1-s3" name="Register">Tests.Register</stat>
</suite>
</statistics>
<errors>
</errors>
</robot>
