<?xml version="1.0" encoding="UTF-8"?>
<robot generator="Robot 6.1.1 (Python 3.12.3 on linux)" generated="20241116 12:51:29.061" rpa="false" schemaversion="4">
<suite id="s1" name="Tests" source="/home/hanterio/palautusrepositorio/viikko3/web-login/src/tests">
<suite id="s1-s1" name="Home" source="/home/hanterio/palautusrepositorio/viikko3/web-login/src/tests/home.robot">
<kw name="Open And Configure Browser" library="resource" type="SETUP">
<if>
<branch type="IF" condition="$BROWSER == 'chrome'">
<kw name="Evaluate" library="BuiltIn">
<var>${options}</var>
<arg>sys.modules['selenium.webdriver'].ChromeOptions()</arg>
<arg>sys</arg>
<doc>Evaluates the given expression in Python and returns the result.</doc>
<msg timestamp="20241116 12:51:29.489" level="INFO">${options} = &lt;selenium.webdriver.chrome.options.Options object at 0x7fa3c3e0fc50&gt;</msg>
<status status="PASS" starttime="20241116 12:51:29.488" endtime="20241116 12:51:29.489"/>
</kw>
<status status="PASS" starttime="20241116 12:51:29.488" endtime="20241116 12:51:29.489"/>
</branch>
<branch type="ELSE IF" condition="$BROWSER == 'firefox'">
<kw name="Evaluate" library="BuiltIn">
<var>${options}</var>
<arg>sys.modules['selenium.webdriver'].FirefoxOptions()</arg>
<arg>sys</arg>
<doc>Evaluates the given expression in Python and returns the result.</doc>
<status status="NOT RUN" starttime="20241116 12:51:29.489" endtime="20241116 12:51:29.489"/>
</kw>
<status status="NOT RUN" starttime="20241116 12:51:29.489" endtime="20241116 12:51:29.489"/>
</branch>
<status status="PASS" starttime="20241116 12:51:29.488" endtime="20241116 12:51:29.489"/>
</if>
<if>
<branch type="IF" condition="$HEADLESS == 'true'">
<kw name="Set Selenium Speed" library="SeleniumLibrary">
<arg>0</arg>
<doc>Sets the delay that is waited after each Selenium command.</doc>
<status status="NOT RUN" starttime="20241116 12:51:29.489" endtime="20241116 12:51:29.489"/>
</kw>
<kw name="Call Method" library="BuiltIn">
<arg>${options}</arg>
<arg>add_argument</arg>
<arg>--headless</arg>
<doc>Calls the named method of the given object with the provided arguments.</doc>
<status status="NOT RUN" starttime="20241116 12:51:29.489" endtime="20241116 12:51:29.489"/>
</kw>
<status status="NOT RUN" starttime="20241116 12:51:29.489" endtime="20241116 12:51:29.489"/>
</branch>
<branch type="ELSE">
<kw name="Set Selenium Speed" library="SeleniumLibrary">
<arg>${DELAY}</arg>
<doc>Sets the delay that is waited after each Selenium command.</doc>
<status status="PASS" starttime="20241116 12:51:29.489" endtime="20241116 12:51:29.489"/>
</kw>
<status status="PASS" starttime="20241116 12:51:29.489" endtime="20241116 12:51:29.490"/>
</branch>
<status status="PASS" starttime="20241116 12:51:29.489" endtime="20241116 12:51:29.490"/>
</if>
<kw name="Open Browser" library="SeleniumLibrary">
<arg>browser=${BROWSER}</arg>
<arg>options=${options}</arg>
<doc>Opens a new browser instance to the optional ``url``.</doc>
<msg timestamp="20241116 12:51:29.490" level="INFO">Opening browser 'chrome' to base url 'None'.</msg>
<status status="PASS" starttime="20241116 12:51:29.490" endtime="20241116 12:51:33.151"/>
</kw>
<status status="PASS" starttime="20241116 12:51:29.488" endtime="20241116 12:51:33.151"/>
</kw>
<test id="s1-s1-t1" name="Click Login Link" line="8">
<kw name="Reset Application And Go To Starting Page" type="SETUP">
<kw name="Reset Application" library="AppLibrary">
<status status="PASS" starttime="20241116 12:51:33.153" endtime="20241116 12:51:33.159"/>
</kw>
<kw name="Go To Starting Page" library="resource">
<kw name="Go To" library="SeleniumLibrary">
<arg>${HOME_URL}</arg>
<doc>Navigates the current browser window to the provided ``url``.</doc>
<msg timestamp="20241116 12:51:33.160" level="INFO">Opening url 'http://localhost:5001'</msg>
<status status="PASS" starttime="20241116 12:51:33.160" endtime="20241116 12:51:33.749"/>
</kw>
<status status="PASS" starttime="20241116 12:51:33.159" endtime="20241116 12:51:33.749"/>
</kw>
<status status="PASS" starttime="20241116 12:51:33.152" endtime="20241116 12:51:33.749"/>
</kw>
<kw name="Click Link" library="SeleniumLibrary">
<arg>Login</arg>
<doc>Clicks a link identified by ``locator``.</doc>
<msg timestamp="20241116 12:51:33.751" level="INFO">Clicking link 'Login'.</msg>
<status status="PASS" starttime="20241116 12:51:33.750" endtime="20241116 12:51:35.477"/>
</kw>
<kw name="Login Page Should Be Open" library="resource">
<kw name="Title Should Be" library="SeleniumLibrary">
<arg>Login</arg>
<doc>Verifies that the current page title equals ``title``.</doc>
<msg timestamp="20241116 12:51:35.991" level="INFO">Page title is 'Login'.</msg>
<status status="PASS" starttime="20241116 12:51:35.478" endtime="20241116 12:51:35.991"/>
</kw>
<status status="PASS" starttime="20241116 12:51:35.478" endtime="20241116 12:51:35.991"/>
</kw>
<status status="PASS" starttime="20241116 12:51:33.151" endtime="20241116 12:51:35.992"/>
</test>
<test id="s1-s1-t2" name="Click Register Link" line="12">
<kw name="Reset Application And Go To Starting Page" type="SETUP">
<kw name="Reset Application" library="AppLibrary">
<status status="PASS" starttime="20241116 12:51:35.993" endtime="20241116 12:51:35.998"/>
</kw>
<kw name="Go To Starting Page" library="resource">
<kw name="Go To" library="SeleniumLibrary">
<arg>${HOME_URL}</arg>
<doc>Navigates the current browser window to the provided ``url``.</doc>
<msg timestamp="20241116 12:51:35.998" level="INFO">Opening url 'http://localhost:5001'</msg>
<status status="PASS" starttime="20241116 12:51:35.998" endtime="20241116 12:51:36.545"/>
</kw>
<status status="PASS" starttime="20241116 12:51:35.998" endtime="20241116 12:51:36.545"/>
</kw>
<status status="PASS" starttime="20241116 12:51:35.993" endtime="20241116 12:51:36.545"/>
</kw>
<kw name="Click Link" library="SeleniumLibrary">
<arg>Register new user</arg>
<doc>Clicks a link identified by ``locator``.</doc>
<msg timestamp="20241116 12:51:36.546" level="INFO">Clicking link 'Register new user'.</msg>
<status status="PASS" starttime="20241116 12:51:36.545" endtime="20241116 12:51:38.187"/>
</kw>
<kw name="Register Page Should Be Open" library="resource">
<kw name="Title Should Be" library="SeleniumLibrary">
<arg>Register</arg>
<doc>Verifies that the current page title equals ``title``.</doc>
<msg timestamp="20241116 12:51:38.701" level="INFO">Page title is 'Register'.</msg>
<status status="PASS" starttime="20241116 12:51:38.188" endtime="20241116 12:51:38.701"/>
</kw>
<status status="PASS" starttime="20241116 12:51:38.188" endtime="20241116 12:51:38.702"/>
</kw>
<status status="PASS" starttime="20241116 12:51:35.992" endtime="20241116 12:51:38.702"/>
</test>
<kw name="Close Browser" library="SeleniumLibrary" type="TEARDOWN">
<doc>Closes the current browser.</doc>
<status status="PASS" starttime="20241116 12:51:38.703" endtime="20241116 12:51:39.355"/>
</kw>
<status status="PASS" starttime="20241116 12:51:29.091" endtime="20241116 12:51:39.355"/>
</suite>
<suite id="s1-s2" name="Login" source="/home/hanterio/palautusrepositorio/viikko3/web-login/src/tests/login.robot">
<kw name="Open And Configure Browser" library="resource" type="SETUP">
<if>
<branch type="IF" condition="$BROWSER == 'chrome'">
<kw name="Evaluate" library="BuiltIn">
<var>${options}</var>
<arg>sys.modules['selenium.webdriver'].ChromeOptions()</arg>
<arg>sys</arg>
<doc>Evaluates the given expression in Python and returns the result.</doc>
<msg timestamp="20241116 12:51:39.361" level="INFO">${options} = &lt;selenium.webdriver.chrome.options.Options object at 0x7fa3c3b88ce0&gt;</msg>
<status status="PASS" starttime="20241116 12:51:39.360" endtime="20241116 12:51:39.361"/>
</kw>
<status status="PASS" starttime="20241116 12:51:39.360" endtime="20241116 12:51:39.361"/>
</branch>
<branch type="ELSE IF" condition="$BROWSER == 'firefox'">
<kw name="Evaluate" library="BuiltIn">
<var>${options}</var>
<arg>sys.modules['selenium.webdriver'].FirefoxOptions()</arg>
<arg>sys</arg>
<doc>Evaluates the given expression in Python and returns the result.</doc>
<status status="NOT RUN" starttime="20241116 12:51:39.361" endtime="20241116 12:51:39.361"/>
</kw>
<status status="NOT RUN" starttime="20241116 12:51:39.361" endtime="20241116 12:51:39.361"/>
</branch>
<status status="PASS" starttime="20241116 12:51:39.360" endtime="20241116 12:51:39.361"/>
</if>
<if>
<branch type="IF" condition="$HEADLESS == 'true'">
<kw name="Set Selenium Speed" library="SeleniumLibrary">
<arg>0</arg>
<doc>Sets the delay that is waited after each Selenium command.</doc>
<status status="NOT RUN" starttime="20241116 12:51:39.362" endtime="20241116 12:51:39.362"/>
</kw>
<kw name="Call Method" library="BuiltIn">
<arg>${options}</arg>
<arg>add_argument</arg>
<arg>--headless</arg>
<doc>Calls the named method of the given object with the provided arguments.</doc>
<status status="NOT RUN" starttime="20241116 12:51:39.362" endtime="20241116 12:51:39.362"/>
</kw>
<status status="NOT RUN" starttime="20241116 12:51:39.361" endtime="20241116 12:51:39.362"/>
</branch>
<branch type="ELSE">
<kw name="Set Selenium Speed" library="SeleniumLibrary">
<arg>${DELAY}</arg>
<doc>Sets the delay that is waited after each Selenium command.</doc>
<status status="PASS" starttime="20241116 12:51:39.362" endtime="20241116 12:51:39.362"/>
</kw>
<status status="PASS" starttime="20241116 12:51:39.362" endtime="20241116 12:51:39.362"/>
</branch>
<status status="PASS" starttime="20241116 12:51:39.361" endtime="20241116 12:51:39.362"/>
</if>
<kw name="Open Browser" library="SeleniumLibrary">
<arg>browser=${BROWSER}</arg>
<arg>options=${options}</arg>
<doc>Opens a new browser instance to the optional ``url``.</doc>
<msg timestamp="20241116 12:51:39.362" level="INFO">Opening browser 'chrome' to base url 'None'.</msg>
<status status="PASS" starttime="20241116 12:51:39.362" endtime="20241116 12:51:40.580"/>
</kw>
<status status="PASS" starttime="20241116 12:51:39.360" endtime="20241116 12:51:40.580"/>
</kw>
<test id="s1-s2-t1" name="Login With Correct Credentials" line="8">
<kw name="Reset Application Create User And Go To Login Page" type="SETUP">
<kw name="Reset Application" library="AppLibrary">
<status status="PASS" starttime="20241116 12:51:40.582" endtime="20241116 12:51:40.587"/>
</kw>
<kw name="Create User" library="AppLibrary">
<arg>kalle</arg>
<arg>kalle123</arg>
<status status="PASS" starttime="20241116 12:51:40.587" endtime="20241116 12:51:40.596"/>
</kw>
<kw name="Go To Login Page" library="resource">
<kw name="Go To" library="SeleniumLibrary">
<arg>${LOGIN_URL}</arg>
<doc>Navigates the current browser window to the provided ``url``.</doc>
<msg timestamp="20241116 12:51:40.596" level="INFO">Opening url 'http://localhost:5001/login'</msg>
<status status="PASS" starttime="20241116 12:51:40.596" endtime="20241116 12:51:41.159"/>
</kw>
<status status="PASS" starttime="20241116 12:51:40.596" endtime="20241116 12:51:41.159"/>
</kw>
<status status="PASS" starttime="20241116 12:51:40.582" endtime="20241116 12:51:41.159"/>
</kw>
<kw name="Set Username">
<arg>kalle</arg>
<kw name="Input Text" library="SeleniumLibrary">
<arg>username</arg>
<arg>${username}</arg>
<doc>Types the given ``text`` into the text field identified by ``locator``.</doc>
<msg timestamp="20241116 12:51:41.161" level="INFO">Typing text 'kalle' into text field 'username'.</msg>
<status status="PASS" starttime="20241116 12:51:41.160" endtime="20241116 12:51:42.861"/>
</kw>
<status status="PASS" starttime="20241116 12:51:41.159" endtime="20241116 12:51:42.861"/>
</kw>
<kw name="Set Password">
<arg>kalle123</arg>
<kw name="Input Password" library="SeleniumLibrary">
<arg>password</arg>
<arg>${password}</arg>
<doc>Types the given password into the text field identified by ``locator``.</doc>
<msg timestamp="20241116 12:51:42.863" level="INFO">Typing password into text field 'password'.</msg>
<msg timestamp="20241116 12:51:43.934" level="INFO">Temporally setting log level to: NONE</msg>
<msg timestamp="20241116 12:51:44.517" level="INFO">Log level changed from NONE to INFO.</msg>
<status status="PASS" starttime="20241116 12:51:42.862" endtime="20241116 12:51:44.517"/>
</kw>
<status status="PASS" starttime="20241116 12:51:42.862" endtime="20241116 12:51:44.517"/>
</kw>
<kw name="Submit Credentials">
<kw name="Click Button" library="SeleniumLibrary">
<arg>Login</arg>
<doc>Clicks the button identified by ``locator``.</doc>
<msg timestamp="20241116 12:51:44.518" level="INFO">Clicking button 'Login'.</msg>
<status status="PASS" starttime="20241116 12:51:44.518" endtime="20241116 12:51:46.716"/>
</kw>
<status status="PASS" starttime="20241116 12:51:44.517" endtime="20241116 12:51:46.716"/>
</kw>
<kw name="Login Should Succeed">
<kw name="Main Page Should Be Open" library="resource">
<kw name="Title Should Be" library="SeleniumLibrary">
<arg>Ohtu Application main page</arg>
<doc>Verifies that the current page title equals ``title``.</doc>
<msg timestamp="20241116 12:51:47.229" level="INFO">Page title is 'Ohtu Application main page'.</msg>
<status status="PASS" starttime="20241116 12:51:46.717" endtime="20241116 12:51:47.230"/>
</kw>
<status status="PASS" starttime="20241116 12:51:46.717" endtime="20241116 12:51:47.230"/>
</kw>
<status status="PASS" starttime="20241116 12:51:46.717" endtime="20241116 12:51:47.230"/>
</kw>
<status status="PASS" starttime="20241116 12:51:40.581" endtime="20241116 12:51:47.230"/>
</test>
<test id="s1-s2-t2" name="Login With Incorrect Password" line="14">
<kw name="Reset Application Create User And Go To Login Page" type="SETUP">
<kw name="Reset Application" library="AppLibrary">
<status status="PASS" starttime="20241116 12:51:47.232" endtime="20241116 12:51:47.236"/>
</kw>
<kw name="Create User" library="AppLibrary">
<arg>kalle</arg>
<arg>kalle123</arg>
<status status="PASS" starttime="20241116 12:51:47.236" endtime="20241116 12:51:47.242"/>
</kw>
<kw name="Go To Login Page" library="resource">
<kw name="Go To" library="SeleniumLibrary">
<arg>${LOGIN_URL}</arg>
<doc>Navigates the current browser window to the provided ``url``.</doc>
<msg timestamp="20241116 12:51:47.242" level="INFO">Opening url 'http://localhost:5001/login'</msg>
<status status="PASS" starttime="20241116 12:51:47.242" endtime="20241116 12:51:47.791"/>
</kw>
<status status="PASS" starttime="20241116 12:51:47.242" endtime="20241116 12:51:47.791"/>
</kw>
<status status="PASS" starttime="20241116 12:51:47.231" endtime="20241116 12:51:47.791"/>
</kw>
<kw name="Set Username">
<arg>kalle</arg>
<kw name="Input Text" library="SeleniumLibrary">
<arg>username</arg>
<arg>${username}</arg>
<doc>Types the given ``text`` into the text field identified by ``locator``.</doc>
<msg timestamp="20241116 12:51:47.793" level="INFO">Typing text 'kalle' into text field 'username'.</msg>
<status status="PASS" starttime="20241116 12:51:47.792" endtime="20241116 12:51:49.465"/>
</kw>
<status status="PASS" starttime="20241116 12:51:47.792" endtime="20241116 12:51:49.466"/>
</kw>
<kw name="Set Password">
<arg>kalle456</arg>
<kw name="Input Password" library="SeleniumLibrary">
<arg>password</arg>
<arg>${password}</arg>
<doc>Types the given password into the text field identified by ``locator``.</doc>
<msg timestamp="20241116 12:51:49.467" level="INFO">Typing password into text field 'password'.</msg>
<msg timestamp="20241116 12:51:50.538" level="INFO">Temporally setting log level to: NONE</msg>
<msg timestamp="20241116 12:51:54.709" level="INFO">Log level changed from NONE to INFO.</msg>
<status status="PASS" starttime="20241116 12:51:49.466" endtime="20241116 12:51:54.709"/>
</kw>
<status status="PASS" starttime="20241116 12:51:49.466" endtime="20241116 12:51:54.709"/>
</kw>
<kw name="Submit Credentials">
<kw name="Click Button" library="SeleniumLibrary">
<arg>Login</arg>
<doc>Clicks the button identified by ``locator``.</doc>
<msg timestamp="20241116 12:51:54.711" level="INFO">Clicking button 'Login'.</msg>
<status status="PASS" starttime="20241116 12:51:54.710" endtime="20241116 12:51:56.864"/>
</kw>
<status status="PASS" starttime="20241116 12:51:54.710" endtime="20241116 12:51:56.865"/>
</kw>
<kw name="Login Should Fail With Message">
<arg>Invalid username or password</arg>
<kw name="Login Page Should Be Open" library="resource">
<kw name="Title Should Be" library="SeleniumLibrary">
<arg>Login</arg>
<doc>Verifies that the current page title equals ``title``.</doc>
<msg timestamp="20241116 12:51:57.376" level="INFO">Page title is 'Login'.</msg>
<status status="PASS" starttime="20241116 12:51:56.866" endtime="20241116 12:51:57.377"/>
</kw>
<status status="PASS" starttime="20241116 12:51:56.865" endtime="20241116 12:51:57.377"/>
</kw>
<kw name="Page Should Contain" library="SeleniumLibrary">
<arg>${message}</arg>
<doc>Verifies that current page contains ``text``.</doc>
<msg timestamp="20241116 12:51:58.408" level="INFO">Current page contains text 'Invalid username or password'.</msg>
<status status="PASS" starttime="20241116 12:51:57.377" endtime="20241116 12:51:58.409"/>
</kw>
<status status="PASS" starttime="20241116 12:51:56.865" endtime="20241116 12:51:58.409"/>
</kw>
<status status="PASS" starttime="20241116 12:51:47.231" endtime="20241116 12:51:58.409"/>
</test>
<test id="s1-s2-t3" name="Login With Nonexistent Username" line="20">
<kw name="Reset Application Create User And Go To Login Page" type="SETUP">
<kw name="Reset Application" library="AppLibrary">
<status status="PASS" starttime="20241116 12:51:58.410" endtime="20241116 12:51:58.415"/>
</kw>
<kw name="Create User" library="AppLibrary">
<arg>kalle</arg>
<arg>kalle123</arg>
<status status="PASS" starttime="20241116 12:51:58.415" endtime="20241116 12:51:58.421"/>
</kw>
<kw name="Go To Login Page" library="resource">
<kw name="Go To" library="SeleniumLibrary">
<arg>${LOGIN_URL}</arg>
<doc>Navigates the current browser window to the provided ``url``.</doc>
<msg timestamp="20241116 12:51:58.421" level="INFO">Opening url 'http://localhost:5001/login'</msg>
<status status="PASS" starttime="20241116 12:51:58.421" endtime="20241116 12:51:58.985"/>
</kw>
<status status="PASS" starttime="20241116 12:51:58.421" endtime="20241116 12:51:58.985"/>
</kw>
<status status="PASS" starttime="20241116 12:51:58.410" endtime="20241116 12:51:58.985"/>
</kw>
<kw name="Set Username">
<arg>ville</arg>
<kw name="Input Text" library="SeleniumLibrary">
<arg>username</arg>
<arg>${username}</arg>
<doc>Types the given ``text`` into the text field identified by ``locator``.</doc>
<msg timestamp="20241116 12:51:58.987" level="INFO">Typing text 'ville' into text field 'username'.</msg>
<status status="PASS" starttime="20241116 12:51:58.986" endtime="20241116 12:52:00.646"/>
</kw>
<status status="PASS" starttime="20241116 12:51:58.986" endtime="20241116 12:52:00.646"/>
</kw>
<kw name="Set Password">
<arg>ville123</arg>
<kw name="Input Password" library="SeleniumLibrary">
<arg>password</arg>
<arg>${password}</arg>
<doc>Types the given password into the text field identified by ``locator``.</doc>
<msg timestamp="20241116 12:52:00.648" level="INFO">Typing password into text field 'password'.</msg>
<msg timestamp="20241116 12:52:01.716" level="INFO">Temporally setting log level to: NONE</msg>
<msg timestamp="20241116 12:52:02.311" level="INFO">Log level changed from NONE to INFO.</msg>
<status status="PASS" starttime="20241116 12:52:00.647" endtime="20241116 12:52:02.311"/>
</kw>
<status status="PASS" starttime="20241116 12:52:00.647" endtime="20241116 12:52:02.312"/>
</kw>
<kw name="Submit Credentials">
<kw name="Click Button" library="SeleniumLibrary">
<arg>Login</arg>
<doc>Clicks the button identified by ``locator``.</doc>
<msg timestamp="20241116 12:52:02.313" level="INFO">Clicking button 'Login'.</msg>
<status status="PASS" starttime="20241116 12:52:02.312" endtime="20241116 12:52:04.448"/>
</kw>
<status status="PASS" starttime="20241116 12:52:02.312" endtime="20241116 12:52:04.448"/>
</kw>
<kw name="Login Should Fail With Message">
<arg>Invalid username or password</arg>
<kw name="Login Page Should Be Open" library="resource">
<kw name="Title Should Be" library="SeleniumLibrary">
<arg>Login</arg>
<doc>Verifies that the current page title equals ``title``.</doc>
<msg timestamp="20241116 12:52:04.962" level="INFO">Page title is 'Login'.</msg>
<status status="PASS" starttime="20241116 12:52:04.449" endtime="20241116 12:52:04.962"/>
</kw>
<status status="PASS" starttime="20241116 12:52:04.449" endtime="20241116 12:52:04.962"/>
</kw>
<kw name="Page Should Contain" library="SeleniumLibrary">
<arg>${message}</arg>
<doc>Verifies that current page contains ``text``.</doc>
<msg timestamp="20241116 12:52:05.986" level="INFO">Current page contains text 'Invalid username or password'.</msg>
<status status="PASS" starttime="20241116 12:52:04.962" endtime="20241116 12:52:05.986"/>
</kw>
<status status="PASS" starttime="20241116 12:52:04.449" endtime="20241116 12:52:05.986"/>
</kw>
<status status="PASS" starttime="20241116 12:51:58.410" endtime="20241116 12:52:05.987"/>
</test>
<kw name="Close Browser" library="SeleniumLibrary" type="TEARDOWN">
<doc>Closes the current browser.</doc>
<status status="PASS" starttime="20241116 12:52:05.988" endtime="20241116 12:52:06.601"/>
</kw>
<status status="PASS" starttime="20241116 12:51:39.356" endtime="20241116 12:52:06.601"/>
</suite>
<status status="PASS" starttime="20241116 12:51:29.064" endtime="20241116 12:52:06.603"/>
</suite>
<statistics>
<total>
<stat pass="5" fail="0" skip="0">All Tests</stat>
</total>
<tag>
</tag>
<suite>
<stat pass="5" fail="0" skip="0" id="s1" name="Tests">Tests</stat>
<stat pass="2" fail="0" skip="0" id="s1-s1" name="Home">Tests.Home</stat>
<stat pass="3" fail="0" skip="0" id="s1-s2" name="Login">Tests.Login</stat>
</suite>
</statistics>
<errors>
</errors>
</robot>
