<?xml version="1.0" encoding="UTF-8"?>
<robot generator="Robot 6.1.1 (Python 3.12.3 on linux)" generated="20241115 23:39:33.414" rpa="false" schemaversion="4">
<suite id="s1" name="Tests" source="/home/hanterio/palautusrepositorio/viikko3/web-login/src/tests">
<suite id="s1-s1" name="Home" source="/home/hanterio/palautusrepositorio/viikko3/web-login/src/tests/home.robot">
<kw name="Open And Configure Browser" library="resource" type="SETUP">
<if>
<branch type="IF" condition="$BROWSER == 'chrome'">
<kw name="Evaluate" library="BuiltIn">
<var>${options}</var>
<arg>sys.modules['selenium.webdriver'].ChromeOptions()</arg>
<arg>sys</arg>
<doc>Evaluates the given expression in Python and returns the result.</doc>
<msg timestamp="20241115 23:39:33.603" level="INFO">${options} = &lt;selenium.webdriver.chrome.options.Options object at 0x7f2c753f3bc0&gt;</msg>
<status status="PASS" starttime="20241115 23:39:33.602" endtime="20241115 23:39:33.603"/>
</kw>
<status status="PASS" starttime="20241115 23:39:33.602" endtime="20241115 23:39:33.603"/>
</branch>
<branch type="ELSE IF" condition="$BROWSER == 'firefox'">
<kw name="Evaluate" library="BuiltIn">
<var>${options}</var>
<arg>sys.modules['selenium.webdriver'].FirefoxOptions()</arg>
<arg>sys</arg>
<doc>Evaluates the given expression in Python and returns the result.</doc>
<status status="NOT RUN" starttime="20241115 23:39:33.603" endtime="20241115 23:39:33.603"/>
</kw>
<status status="NOT RUN" starttime="20241115 23:39:33.603" endtime="20241115 23:39:33.603"/>
</branch>
<status status="PASS" starttime="20241115 23:39:33.602" endtime="20241115 23:39:33.603"/>
</if>
<if>
<branch type="IF" condition="$HEADLESS == 'true'">
<kw name="Set Selenium Speed" library="SeleniumLibrary">
<arg>0</arg>
<doc>Sets the delay that is waited after each Selenium command.</doc>
<status status="NOT RUN" starttime="20241115 23:39:33.603" endtime="20241115 23:39:33.603"/>
</kw>
<kw name="Call Method" library="BuiltIn">
<arg>${options}</arg>
<arg>add_argument</arg>
<arg>--headless</arg>
<doc>Calls the named method of the given object with the provided arguments.</doc>
<status status="NOT RUN" starttime="20241115 23:39:33.603" endtime="20241115 23:39:33.603"/>
</kw>
<status status="NOT RUN" starttime="20241115 23:39:33.603" endtime="20241115 23:39:33.603"/>
</branch>
<branch type="ELSE">
<kw name="Set Selenium Speed" library="SeleniumLibrary">
<arg>${DELAY}</arg>
<doc>Sets the delay that is waited after each Selenium command.</doc>
<status status="PASS" starttime="20241115 23:39:33.603" endtime="20241115 23:39:33.604"/>
</kw>
<status status="PASS" starttime="20241115 23:39:33.603" endtime="20241115 23:39:33.604"/>
</branch>
<status status="PASS" starttime="20241115 23:39:33.603" endtime="20241115 23:39:33.604"/>
</if>
<kw name="Open Browser" library="SeleniumLibrary">
<arg>browser=${BROWSER}</arg>
<arg>options=${options}</arg>
<doc>Opens a new browser instance to the optional ``url``.</doc>
<msg timestamp="20241115 23:39:33.604" level="INFO">Opening browser 'chrome' to base url 'None'.</msg>
<status status="PASS" starttime="20241115 23:39:33.604" endtime="20241115 23:39:34.811"/>
</kw>
<status status="PASS" starttime="20241115 23:39:33.602" endtime="20241115 23:39:34.811"/>
</kw>
<test id="s1-s1-t1" name="Click Login Link" line="8">
<kw name="Reset Application And Go To Starting Page" type="SETUP">
<kw name="Reset Application" library="AppLibrary">
<status status="PASS" starttime="20241115 23:39:34.812" endtime="20241115 23:39:34.815"/>
</kw>
<kw name="Go To Starting Page" library="resource">
<kw name="Go To" library="SeleniumLibrary">
<arg>${HOME_URL}</arg>
<doc>Navigates the current browser window to the provided ``url``.</doc>
<msg timestamp="20241115 23:39:34.815" level="INFO">Opening url 'http://localhost:5001'</msg>
<status status="PASS" starttime="20241115 23:39:34.815" endtime="20241115 23:39:35.373"/>
</kw>
<status status="PASS" starttime="20241115 23:39:34.815" endtime="20241115 23:39:35.373"/>
</kw>
<status status="PASS" starttime="20241115 23:39:34.812" endtime="20241115 23:39:35.373"/>
</kw>
<kw name="Click Link" library="SeleniumLibrary">
<arg>Login</arg>
<doc>Clicks a link identified by ``locator``.</doc>
<msg timestamp="20241115 23:39:35.374" level="INFO">Clicking link 'Login'.</msg>
<status status="PASS" starttime="20241115 23:39:35.373" endtime="20241115 23:39:37.027"/>
</kw>
<kw name="Login Page Should Be Open" library="resource">
<kw name="Title Should Be" library="SeleniumLibrary">
<arg>Login</arg>
<doc>Verifies that the current page title equals ``title``.</doc>
<msg timestamp="20241115 23:39:37.541" level="INFO">Page title is 'Login'.</msg>
<status status="PASS" starttime="20241115 23:39:37.028" endtime="20241115 23:39:37.542"/>
</kw>
<status status="PASS" starttime="20241115 23:39:37.027" endtime="20241115 23:39:37.542"/>
</kw>
<status status="PASS" starttime="20241115 23:39:34.811" endtime="20241115 23:39:37.542"/>
</test>
<test id="s1-s1-t2" name="Click Register Link" line="12">
<kw name="Reset Application And Go To Starting Page" type="SETUP">
<kw name="Reset Application" library="AppLibrary">
<status status="PASS" starttime="20241115 23:39:37.544" endtime="20241115 23:39:37.549"/>
</kw>
<kw name="Go To Starting Page" library="resource">
<kw name="Go To" library="SeleniumLibrary">
<arg>${HOME_URL}</arg>
<doc>Navigates the current browser window to the provided ``url``.</doc>
<msg timestamp="20241115 23:39:37.549" level="INFO">Opening url 'http://localhost:5001'</msg>
<status status="PASS" starttime="20241115 23:39:37.549" endtime="20241115 23:39:38.084"/>
</kw>
<status status="PASS" starttime="20241115 23:39:37.549" endtime="20241115 23:39:38.084"/>
</kw>
<status status="PASS" starttime="20241115 23:39:37.543" endtime="20241115 23:39:38.084"/>
</kw>
<kw name="Click Link" library="SeleniumLibrary">
<arg>Register new user</arg>
<doc>Clicks a link identified by ``locator``.</doc>
<msg timestamp="20241115 23:39:38.085" level="INFO">Clicking link 'Register new user'.</msg>
<status status="PASS" starttime="20241115 23:39:38.085" endtime="20241115 23:39:43.299"/>
</kw>
<kw name="Register Page Should Be Open" library="resource">
<kw name="Title Should Be" library="SeleniumLibrary">
<arg>Register</arg>
<doc>Verifies that the current page title equals ``title``.</doc>
<msg timestamp="20241115 23:39:43.811" level="INFO">Page title is 'Register'.</msg>
<status status="PASS" starttime="20241115 23:39:43.299" endtime="20241115 23:39:43.811"/>
</kw>
<status status="PASS" starttime="20241115 23:39:43.299" endtime="20241115 23:39:43.811"/>
</kw>
<status status="PASS" starttime="20241115 23:39:37.543" endtime="20241115 23:39:43.811"/>
</test>
<kw name="Close Browser" library="SeleniumLibrary" type="TEARDOWN">
<doc>Closes the current browser.</doc>
<status status="PASS" starttime="20241115 23:39:43.812" endtime="20241115 23:39:44.452"/>
</kw>
<status status="PASS" starttime="20241115 23:39:33.433" endtime="20241115 23:39:44.452"/>
</suite>
<suite id="s1-s2" name="Login" source="/home/hanterio/palautusrepositorio/viikko3/web-login/src/tests/login.robot">
<kw name="Open And Configure Browser" library="resource" type="SETUP">
<if>
<branch type="IF" condition="$BROWSER == 'chrome'">
<kw name="Evaluate" library="BuiltIn">
<var>${options}</var>
<arg>sys.modules['selenium.webdriver'].ChromeOptions()</arg>
<arg>sys</arg>
<doc>Evaluates the given expression in Python and returns the result.</doc>
<msg timestamp="20241115 23:39:44.457" level="INFO">${options} = &lt;selenium.webdriver.chrome.options.Options object at 0x7f2c75168c80&gt;</msg>
<status status="PASS" starttime="20241115 23:39:44.457" endtime="20241115 23:39:44.457"/>
</kw>
<status status="PASS" starttime="20241115 23:39:44.456" endtime="20241115 23:39:44.457"/>
</branch>
<branch type="ELSE IF" condition="$BROWSER == 'firefox'">
<kw name="Evaluate" library="BuiltIn">
<var>${options}</var>
<arg>sys.modules['selenium.webdriver'].FirefoxOptions()</arg>
<arg>sys</arg>
<doc>Evaluates the given expression in Python and returns the result.</doc>
<status status="NOT RUN" starttime="20241115 23:39:44.457" endtime="20241115 23:39:44.457"/>
</kw>
<status status="NOT RUN" starttime="20241115 23:39:44.457" endtime="20241115 23:39:44.457"/>
</branch>
<status status="PASS" starttime="20241115 23:39:44.456" endtime="20241115 23:39:44.458"/>
</if>
<if>
<branch type="IF" condition="$HEADLESS == 'true'">
<kw name="Set Selenium Speed" library="SeleniumLibrary">
<arg>0</arg>
<doc>Sets the delay that is waited after each Selenium command.</doc>
<status status="NOT RUN" starttime="20241115 23:39:44.458" endtime="20241115 23:39:44.458"/>
</kw>
<kw name="Call Method" library="BuiltIn">
<arg>${options}</arg>
<arg>add_argument</arg>
<arg>--headless</arg>
<doc>Calls the named method of the given object with the provided arguments.</doc>
<status status="NOT RUN" starttime="20241115 23:39:44.458" endtime="20241115 23:39:44.458"/>
</kw>
<status status="NOT RUN" starttime="20241115 23:39:44.458" endtime="20241115 23:39:44.458"/>
</branch>
<branch type="ELSE">
<kw name="Set Selenium Speed" library="SeleniumLibrary">
<arg>${DELAY}</arg>
<doc>Sets the delay that is waited after each Selenium command.</doc>
<status status="PASS" starttime="20241115 23:39:44.458" endtime="20241115 23:39:44.459"/>
</kw>
<status status="PASS" starttime="20241115 23:39:44.458" endtime="20241115 23:39:44.459"/>
</branch>
<status status="PASS" starttime="20241115 23:39:44.458" endtime="20241115 23:39:44.459"/>
</if>
<kw name="Open Browser" library="SeleniumLibrary">
<arg>browser=${BROWSER}</arg>
<arg>options=${options}</arg>
<doc>Opens a new browser instance to the optional ``url``.</doc>
<msg timestamp="20241115 23:39:44.461" level="INFO">Opening browser 'chrome' to base url 'None'.</msg>
<status status="PASS" starttime="20241115 23:39:44.459" endtime="20241115 23:39:45.661"/>
</kw>
<status status="PASS" starttime="20241115 23:39:44.456" endtime="20241115 23:39:45.662"/>
</kw>
<test id="s1-s2-t1" name="Login With Correct Credentials" line="8">
<kw name="Reset Application Create User And Go To Login Page" type="SETUP">
<kw name="Reset Application" library="AppLibrary">
<status status="PASS" starttime="20241115 23:39:45.663" endtime="20241115 23:39:45.666"/>
</kw>
<kw name="Create User" library="AppLibrary">
<arg>kalle</arg>
<arg>kalle123</arg>
<status status="PASS" starttime="20241115 23:39:45.667" endtime="20241115 23:39:45.672"/>
</kw>
<kw name="Go To Login Page" library="resource">
<kw name="Go To" library="SeleniumLibrary">
<arg>${LOGIN_URL}</arg>
<doc>Navigates the current browser window to the provided ``url``.</doc>
<msg timestamp="20241115 23:39:45.672" level="INFO">Opening url 'http://localhost:5001/login'</msg>
<status status="PASS" starttime="20241115 23:39:45.672" endtime="20241115 23:39:46.245"/>
</kw>
<status status="PASS" starttime="20241115 23:39:45.672" endtime="20241115 23:39:46.245"/>
</kw>
<status status="PASS" starttime="20241115 23:39:45.662" endtime="20241115 23:39:46.245"/>
</kw>
<kw name="Set Username">
<arg>kalle</arg>
<kw name="Input Text" library="SeleniumLibrary">
<arg>username</arg>
<arg>${username}</arg>
<doc>Types the given ``text`` into the text field identified by ``locator``.</doc>
<msg timestamp="20241115 23:39:46.246" level="INFO">Typing text 'kalle' into text field 'username'.</msg>
<status status="PASS" starttime="20241115 23:39:46.246" endtime="20241115 23:39:47.933"/>
</kw>
<status status="PASS" starttime="20241115 23:39:46.245" endtime="20241115 23:39:47.934"/>
</kw>
<kw name="Set Password">
<arg>kalle123</arg>
<kw name="Input Password" library="SeleniumLibrary">
<arg>password</arg>
<arg>${password}</arg>
<doc>Types the given password into the text field identified by ``locator``.</doc>
<msg timestamp="20241115 23:39:47.935" level="INFO">Typing password into text field 'password'.</msg>
<msg timestamp="20241115 23:39:49.004" level="INFO">Temporally setting log level to: NONE</msg>
<msg timestamp="20241115 23:39:49.591" level="INFO">Log level changed from NONE to INFO.</msg>
<status status="PASS" starttime="20241115 23:39:47.934" endtime="20241115 23:39:49.591"/>
</kw>
<status status="PASS" starttime="20241115 23:39:47.934" endtime="20241115 23:39:49.591"/>
</kw>
<kw name="Submit Credentials">
<kw name="Click Button" library="SeleniumLibrary">
<arg>Login</arg>
<doc>Clicks the button identified by ``locator``.</doc>
<msg timestamp="20241115 23:39:49.592" level="INFO">Clicking button 'Login'.</msg>
<status status="PASS" starttime="20241115 23:39:49.591" endtime="20241115 23:39:51.770"/>
</kw>
<status status="PASS" starttime="20241115 23:39:49.591" endtime="20241115 23:39:51.770"/>
</kw>
<kw name="Login Should Succeed">
<kw name="Main Page Should Be Open" library="resource">
<kw name="Title Should Be" library="SeleniumLibrary">
<arg>Ohtu Application main page</arg>
<doc>Verifies that the current page title equals ``title``.</doc>
<msg timestamp="20241115 23:39:52.285" level="INFO">Page title is 'Ohtu Application main page'.</msg>
<status status="PASS" starttime="20241115 23:39:51.771" endtime="20241115 23:39:52.285"/>
</kw>
<status status="PASS" starttime="20241115 23:39:51.771" endtime="20241115 23:39:52.285"/>
</kw>
<status status="PASS" starttime="20241115 23:39:51.770" endtime="20241115 23:39:52.285"/>
</kw>
<status status="PASS" starttime="20241115 23:39:45.662" endtime="20241115 23:39:52.285"/>
</test>
<test id="s1-s2-t2" name="Login With Incorrect Password" line="14">
<kw name="Reset Application Create User And Go To Login Page" type="SETUP">
<kw name="Reset Application" library="AppLibrary">
<status status="PASS" starttime="20241115 23:39:52.287" endtime="20241115 23:39:52.291"/>
</kw>
<kw name="Create User" library="AppLibrary">
<arg>kalle</arg>
<arg>kalle123</arg>
<status status="PASS" starttime="20241115 23:39:52.291" endtime="20241115 23:39:52.297"/>
</kw>
<kw name="Go To Login Page" library="resource">
<kw name="Go To" library="SeleniumLibrary">
<arg>${LOGIN_URL}</arg>
<doc>Navigates the current browser window to the provided ``url``.</doc>
<msg timestamp="20241115 23:39:52.298" level="INFO">Opening url 'http://localhost:5001/login'</msg>
<status status="PASS" starttime="20241115 23:39:52.298" endtime="20241115 23:39:52.843"/>
</kw>
<status status="PASS" starttime="20241115 23:39:52.297" endtime="20241115 23:39:52.843"/>
</kw>
<status status="PASS" starttime="20241115 23:39:52.286" endtime="20241115 23:39:52.843"/>
</kw>
<kw name="Set Username">
<arg>kalle</arg>
<kw name="Input Text" library="SeleniumLibrary">
<arg>username</arg>
<arg>${username}</arg>
<doc>Types the given ``text`` into the text field identified by ``locator``.</doc>
<msg timestamp="20241115 23:39:52.844" level="INFO">Typing text 'kalle' into text field 'username'.</msg>
<status status="PASS" starttime="20241115 23:39:52.844" endtime="20241115 23:39:54.520"/>
</kw>
<status status="PASS" starttime="20241115 23:39:52.843" endtime="20241115 23:39:54.520"/>
</kw>
<kw name="Set Password">
<arg>kalle456</arg>
<kw name="Input Password" library="SeleniumLibrary">
<arg>password</arg>
<arg>${password}</arg>
<doc>Types the given password into the text field identified by ``locator``.</doc>
<msg timestamp="20241115 23:39:54.522" level="INFO">Typing password into text field 'password'.</msg>
<msg timestamp="20241115 23:39:55.587" level="INFO">Temporally setting log level to: NONE</msg>
<msg timestamp="20241115 23:39:56.177" level="INFO">Log level changed from NONE to INFO.</msg>
<status status="PASS" starttime="20241115 23:39:54.521" endtime="20241115 23:39:56.177"/>
</kw>
<status status="PASS" starttime="20241115 23:39:54.521" endtime="20241115 23:39:56.177"/>
</kw>
<kw name="Submit Credentials">
<kw name="Click Button" library="SeleniumLibrary">
<arg>Login</arg>
<doc>Clicks the button identified by ``locator``.</doc>
<msg timestamp="20241115 23:39:56.178" level="INFO">Clicking button 'Login'.</msg>
<status status="PASS" starttime="20241115 23:39:56.178" endtime="20241115 23:39:58.316"/>
</kw>
<status status="PASS" starttime="20241115 23:39:56.178" endtime="20241115 23:39:58.316"/>
</kw>
<kw name="Login Should Fail With Message">
<arg>Invalid username or password</arg>
<kw name="Login Page Should Be Open" library="resource">
<kw name="Title Should Be" library="SeleniumLibrary">
<arg>Login</arg>
<doc>Verifies that the current page title equals ``title``.</doc>
<msg timestamp="20241115 23:39:58.830" level="INFO">Page title is 'Login'.</msg>
<status status="PASS" starttime="20241115 23:39:58.317" endtime="20241115 23:39:58.830"/>
</kw>
<status status="PASS" starttime="20241115 23:39:58.317" endtime="20241115 23:39:58.830"/>
</kw>
<kw name="Page Should Contain" library="SeleniumLibrary">
<arg>${message}</arg>
<doc>Verifies that current page contains ``text``.</doc>
<msg timestamp="20241115 23:39:59.863" level="INFO">Current page contains text 'Invalid username or password'.</msg>
<status status="PASS" starttime="20241115 23:39:58.830" endtime="20241115 23:39:59.863"/>
</kw>
<status status="PASS" starttime="20241115 23:39:58.316" endtime="20241115 23:39:59.863"/>
</kw>
<status status="PASS" starttime="20241115 23:39:52.286" endtime="20241115 23:39:59.863"/>
</test>
<kw name="Close Browser" library="SeleniumLibrary" type="TEARDOWN">
<doc>Closes the current browser.</doc>
<status status="PASS" starttime="20241115 23:39:59.864" endtime="20241115 23:40:00.478"/>
</kw>
<status status="PASS" starttime="20241115 23:39:44.453" endtime="20241115 23:40:00.478"/>
</suite>
<status status="PASS" starttime="20241115 23:39:33.415" endtime="20241115 23:40:00.479"/>
</suite>
<statistics>
<total>
<stat pass="4" fail="0" skip="0">All Tests</stat>
</total>
<tag>
</tag>
<suite>
<stat pass="4" fail="0" skip="0" id="s1" name="Tests">Tests</stat>
<stat pass="2" fail="0" skip="0" id="s1-s1" name="Home">Tests.Home</stat>
<stat pass="2" fail="0" skip="0" id="s1-s2" name="Login">Tests.Login</stat>
</suite>
</statistics>
<errors>
</errors>
</robot>
