<?xml version="1.0" encoding="UTF-8"?>
<robot generator="Robot 6.1.1 (Python 3.12.3 on linux)" generated="20241116 22:41:29.686" rpa="false" schemaversion="4">
<suite id="s1" name="Register" source="/home/hanterio/palautusrepositorio/viikko3/web-login/src/tests/register.robot">
<kw name="Open And Configure Browser" library="resource" type="SETUP">
<if>
<branch type="IF" condition="$BROWSER == 'chrome'">
<kw name="Evaluate" library="BuiltIn">
<var>${options}</var>
<arg>sys.modules['selenium.webdriver'].ChromeOptions()</arg>
<arg>sys</arg>
<doc>Evaluates the given expression in Python and returns the result.</doc>
<msg timestamp="20241116 22:41:30.193" level="INFO">${options} = &lt;selenium.webdriver.chrome.options.Options object at 0x7f0e1363bb30&gt;</msg>
<status status="PASS" starttime="20241116 22:41:30.192" endtime="20241116 22:41:30.193"/>
</kw>
<status status="PASS" starttime="20241116 22:41:30.192" endtime="20241116 22:41:30.193"/>
</branch>
<branch type="ELSE IF" condition="$BROWSER == 'firefox'">
<kw name="Evaluate" library="BuiltIn">
<var>${options}</var>
<arg>sys.modules['selenium.webdriver'].FirefoxOptions()</arg>
<arg>sys</arg>
<doc>Evaluates the given expression in Python and returns the result.</doc>
<status status="NOT RUN" starttime="20241116 22:41:30.193" endtime="20241116 22:41:30.193"/>
</kw>
<status status="NOT RUN" starttime="20241116 22:41:30.193" endtime="20241116 22:41:30.193"/>
</branch>
<status status="PASS" starttime="20241116 22:41:30.192" endtime="20241116 22:41:30.193"/>
</if>
<if>
<branch type="IF" condition="$HEADLESS == 'true'">
<kw name="Set Selenium Speed" library="SeleniumLibrary">
<arg>0</arg>
<doc>Sets the delay that is waited after each Selenium command.</doc>
<status status="NOT RUN" starttime="20241116 22:41:30.193" endtime="20241116 22:41:30.194"/>
</kw>
<kw name="Call Method" library="BuiltIn">
<arg>${options}</arg>
<arg>add_argument</arg>
<arg>--headless</arg>
<doc>Calls the named method of the given object with the provided arguments.</doc>
<status status="NOT RUN" starttime="20241116 22:41:30.194" endtime="20241116 22:41:30.194"/>
</kw>
<status status="NOT RUN" starttime="20241116 22:41:30.193" endtime="20241116 22:41:30.194"/>
</branch>
<branch type="ELSE">
<kw name="Set Selenium Speed" library="SeleniumLibrary">
<arg>${DELAY}</arg>
<doc>Sets the delay that is waited after each Selenium command.</doc>
<status status="PASS" starttime="20241116 22:41:30.194" endtime="20241116 22:41:30.194"/>
</kw>
<status status="PASS" starttime="20241116 22:41:30.194" endtime="20241116 22:41:30.194"/>
</branch>
<status status="PASS" starttime="20241116 22:41:30.193" endtime="20241116 22:41:30.194"/>
</if>
<kw name="Open Browser" library="SeleniumLibrary">
<arg>browser=${BROWSER}</arg>
<arg>options=${options}</arg>
<doc>Opens a new browser instance to the optional ``url``.</doc>
<msg timestamp="20241116 22:41:30.195" level="INFO">Opening browser 'chrome' to base url 'None'.</msg>
<status status="PASS" starttime="20241116 22:41:30.194" endtime="20241116 22:41:34.475"/>
</kw>
<status status="PASS" starttime="20241116 22:41:30.191" endtime="20241116 22:41:34.475"/>
</kw>
<test id="s1-t1" name="Login After Failed Registration" line="64">
<kw name="Reset Application Create User And Go To Register Page" type="SETUP">
<kw name="Reset Application" library="AppLibrary">
<status status="PASS" starttime="20241116 22:41:34.476" endtime="20241116 22:41:34.481"/>
</kw>
<kw name="Create User" library="AppLibrary">
<arg>kalle</arg>
<arg>kalle123</arg>
<status status="PASS" starttime="20241116 22:41:34.481" endtime="20241116 22:41:34.489"/>
</kw>
<kw name="Go To Register Page" library="resource">
<kw name="Go To" library="SeleniumLibrary">
<arg>${REGISTER_URL}</arg>
<doc>Navigates the current browser window to the provided ``url``.</doc>
<msg timestamp="20241116 22:41:34.489" level="INFO">Opening url 'http://localhost:5001/register'</msg>
<status status="PASS" starttime="20241116 22:41:34.489" endtime="20241116 22:41:35.095"/>
</kw>
<status status="PASS" starttime="20241116 22:41:34.489" endtime="20241116 22:41:35.095"/>
</kw>
<status status="PASS" starttime="20241116 22:41:34.476" endtime="20241116 22:41:35.095"/>
</kw>
<kw name="New Username">
<arg>ville</arg>
<kw name="Input Text" library="SeleniumLibrary">
<arg>username</arg>
<arg>${username}</arg>
<doc>Types the given ``text`` into the text field identified by ``locator``.</doc>
<msg timestamp="20241116 22:41:35.097" level="INFO">Typing text 'ville' into text field 'username'.</msg>
<status status="PASS" starttime="20241116 22:41:35.096" endtime="20241116 22:41:36.893"/>
</kw>
<status status="PASS" starttime="20241116 22:41:35.095" endtime="20241116 22:41:36.894"/>
</kw>
<kw name="New Password">
<arg>ville1234</arg>
<kw name="Input Password" library="SeleniumLibrary">
<arg>password</arg>
<arg>${password}</arg>
<doc>Types the given password into the text field identified by ``locator``.</doc>
<msg timestamp="20241116 22:41:36.895" level="INFO">Typing password into text field 'password'.</msg>
<msg timestamp="20241116 22:41:37.976" level="INFO">Temporally setting log level to: NONE</msg>
<msg timestamp="20241116 22:41:38.592" level="INFO">Log level changed from NONE to INFO.</msg>
<status status="PASS" starttime="20241116 22:41:36.895" endtime="20241116 22:41:38.593"/>
</kw>
<status status="PASS" starttime="20241116 22:41:36.894" endtime="20241116 22:41:38.593"/>
</kw>
<kw name="New Password Confirmation">
<arg>ville123</arg>
<kw name="Input Password" library="SeleniumLibrary">
<arg>password_confirmation</arg>
<arg>${password_confirmation}</arg>
<doc>Types the given password into the text field identified by ``locator``.</doc>
<msg timestamp="20241116 22:41:38.594" level="INFO">Typing password into text field 'password_confirmation'.</msg>
<msg timestamp="20241116 22:41:39.673" level="INFO">Temporally setting log level to: NONE</msg>
<msg timestamp="20241116 22:41:40.289" level="INFO">Log level changed from NONE to INFO.</msg>
<status status="PASS" starttime="20241116 22:41:38.593" endtime="20241116 22:41:40.289"/>
</kw>
<status status="PASS" starttime="20241116 22:41:38.593" endtime="20241116 22:41:40.290"/>
</kw>
<kw name="Register Credentials">
<kw name="Click Button" library="SeleniumLibrary">
<arg>Register</arg>
<doc>Clicks the button identified by ``locator``.</doc>
<msg timestamp="20241116 22:41:40.291" level="INFO">Clicking button 'Register'.</msg>
<status status="PASS" starttime="20241116 22:41:40.290" endtime="20241116 22:41:42.493"/>
</kw>
<status status="PASS" starttime="20241116 22:41:40.290" endtime="20241116 22:41:42.493"/>
</kw>
<kw name="Register Should Fail With Message">
<arg>Passwords do not match</arg>
<kw name="Register Page Should Be Open" library="resource">
<kw name="Title Should Be" library="SeleniumLibrary">
<arg>Register</arg>
<doc>Verifies that the current page title equals ``title``.</doc>
<msg timestamp="20241116 22:41:43.009" level="INFO">Page title is 'Register'.</msg>
<status status="PASS" starttime="20241116 22:41:42.494" endtime="20241116 22:41:43.010"/>
</kw>
<status status="PASS" starttime="20241116 22:41:42.494" endtime="20241116 22:41:43.010"/>
</kw>
<status status="PASS" starttime="20241116 22:41:42.494" endtime="20241116 22:41:43.010"/>
</kw>
<kw name="Login User">
<kw name="Click Link" library="SeleniumLibrary">
<arg>Login</arg>
<doc>Clicks a link identified by ``locator``.</doc>
<msg timestamp="20241116 22:41:43.012" level="INFO">Clicking link 'Login'.</msg>
<status status="PASS" starttime="20241116 22:41:43.011" endtime="20241116 22:41:44.675"/>
</kw>
<status status="PASS" starttime="20241116 22:41:43.010" endtime="20241116 22:41:44.675"/>
</kw>
<kw name="Set Username">
<arg>ville</arg>
<kw name="Input Text" library="SeleniumLibrary">
<arg>username</arg>
<arg>${username}</arg>
<doc>Types the given ``text`` into the text field identified by ``locator``.</doc>
<msg timestamp="20241116 22:41:44.676" level="INFO">Typing text 'ville' into text field 'username'.</msg>
<status status="PASS" starttime="20241116 22:41:44.676" endtime="20241116 22:41:46.380"/>
</kw>
<status status="PASS" starttime="20241116 22:41:44.675" endtime="20241116 22:41:46.380"/>
</kw>
<kw name="Set Password">
<arg>ville1234</arg>
<kw name="Input Password" library="SeleniumLibrary">
<arg>password</arg>
<arg>${password}</arg>
<doc>Types the given password into the text field identified by ``locator``.</doc>
<msg timestamp="20241116 22:41:46.382" level="INFO">Typing password into text field 'password'.</msg>
<msg timestamp="20241116 22:41:47.463" level="INFO">Temporally setting log level to: NONE</msg>
<msg timestamp="20241116 22:41:48.079" level="INFO">Log level changed from NONE to INFO.</msg>
<status status="PASS" starttime="20241116 22:41:46.381" endtime="20241116 22:41:48.079"/>
</kw>
<status status="PASS" starttime="20241116 22:41:46.381" endtime="20241116 22:41:48.079"/>
</kw>
<kw name="Submit Credentials">
<kw name="Click Button" library="SeleniumLibrary">
<arg>Login</arg>
<doc>Clicks the button identified by ``locator``.</doc>
<msg timestamp="20241116 22:41:48.081" level="INFO">Clicking button 'Login'.</msg>
<status status="PASS" starttime="20241116 22:41:48.080" endtime="20241116 22:41:50.248"/>
</kw>
<status status="PASS" starttime="20241116 22:41:48.080" endtime="20241116 22:41:50.248"/>
</kw>
<kw name="Login Should Fail With Message">
<arg>Invalid username or password</arg>
<kw name="Login Page Should Be Open" library="resource">
<kw name="Title Should Be" library="SeleniumLibrary">
<arg>Login</arg>
<doc>Verifies that the current page title equals ``title``.</doc>
<msg timestamp="20241116 22:41:50.764" level="INFO">Page title is 'Login'.</msg>
<status status="PASS" starttime="20241116 22:41:50.249" endtime="20241116 22:41:50.764"/>
</kw>
<status status="PASS" starttime="20241116 22:41:50.249" endtime="20241116 22:41:50.764"/>
</kw>
<kw name="Page Should Contain" library="SeleniumLibrary">
<arg>${message}</arg>
<doc>Verifies that current page contains ``text``.</doc>
<msg timestamp="20241116 22:41:51.807" level="INFO">Current page contains text 'Invalid username or password'.</msg>
<status status="PASS" starttime="20241116 22:41:50.764" endtime="20241116 22:41:51.807"/>
</kw>
<status status="PASS" starttime="20241116 22:41:50.249" endtime="20241116 22:41:51.808"/>
</kw>
<status status="PASS" starttime="20241116 22:41:34.475" endtime="20241116 22:41:51.808"/>
</test>
<kw name="Close Browser" library="SeleniumLibrary" type="TEARDOWN">
<doc>Closes the current browser.</doc>
<status status="PASS" starttime="20241116 22:41:51.809" endtime="20241116 22:41:52.502"/>
</kw>
<status status="PASS" starttime="20241116 22:41:29.688" endtime="20241116 22:41:52.502"/>
</suite>
<statistics>
<total>
<stat pass="1" fail="0" skip="0">All Tests</stat>
</total>
<tag>
</tag>
<suite>
<stat pass="1" fail="0" skip="0" id="s1" name="Register">Register</stat>
</suite>
</statistics>
<errors>
</errors>
</robot>
